#
# There is insufficient memory for the Java Runtime Environment to continue.
# Native memory allocation (malloc) failed to allocate 818944 bytes. Error detail: Chunk::new
# Possible reasons:
#   The system is out of physical RAM or swap space
#   This process is running with CompressedOops enabled, and the Java Heap may be blocking the growth of the native heap
# Possible solutions:
#   Reduce memory load on the system
#   Increase physical memory or swap space
#   Check if swap backing store is full
#   Decrease Java heap size (-Xmx/-Xms)
#   Decrease number of Java threads
#   Decrease Java thread stack sizes (-Xss)
#   Set larger code cache with -XX:ReservedCodeCacheSize=
#   JVM is running with Zero Based Compressed Oops mode in which the Java heap is
#     placed in the first 32GB address space. The Java Heap base address is the
#     maximum limit for the native heap growth. Please use -XX:HeapBaseMinAddress
#     to set the Java Heap base and to place the Java Heap above 32GB virtual address.
# This output file may be truncated or incomplete.
#
#  Out of Memory Error (arena.cpp:149), pid=13620, tid=10580
#
# JRE version: OpenJDK Runtime Environment (23.0.1+11) (build 23.0.1+11-39)
# Java VM: OpenJDK 64-Bit Server VM (23.0.1+11-39, mixed mode, sharing, tiered, compressed oops, compressed class ptrs, g1 gc, windows-amd64)
# No core dump will be written. Minidumps are not enabled by default on client versions of Windows
#

---------------  S U M M A R Y ------------

Command Line: -javaagent:C:\Users\USER\AppData\Local\Programs\IntelliJ IDEA Ultimate 2024.3\lib\idea_rt.jar=64778:C:\Users\USER\AppData\Local\Programs\IntelliJ IDEA Ultimate 2024.3\bin -Dfile.encoding=UTF-8 -Dsun.stdout.encoding=UTF-8 -Dsun.stderr.encoding=UTF-8 --module-path=C:\Users\USER\.m2\repository\org\kordamp\bootstrapfx\bootstrapfx-core\0.4.0\bootstrapfx-core-0.4.0.jar;C:\Users\USER\Desktop\java project idea\app1 DLO Login page\target\classes;C:\Users\USER\.m2\repository\org\openjfx\javafx-controls\17.0.6\javafx-controls-17.0.6-win.jar;C:\Users\USER\.m2\repository\org\mindrot\jbcrypt\0.4\jbcrypt-0.4.jar;C:\Users\USER\.m2\repository\org\openjfx\javafx-fxml\17.0.6\javafx-fxml-17.0.6-win.jar;C:\Users\USER\.m2\repository\org\openjfx\javafx-graphics\17.0.6\javafx-graphics-17.0.6-win.jar;C:\Users\USER\.m2\repository\org\openjfx\javafx-base\17.0.6\javafx-base-17.0.6-win.jar -Djdk.module.main=com.example.app1 com.example.app1/com.example.app1.HelloApplication

Host: Intel(R) Core(TM) i5-8265U CPU @ 1.60GHz, 8 cores, 11G,  Windows 10 , 64 bit Build 19041 (10.0.19041.5072)
Time: Fri Dec  6 03:02:22 2024 Bangladesh Standard Time elapsed time: 1.291343 seconds (0d 0h 0m 1s)

---------------  T H R E A D  ---------------

Current thread (0x0000014c259f55a0):  JavaThread "C2 CompilerThread0" daemon [_thread_in_native, id=10580, stack(0x0000003dc8000000,0x0000003dc8100000) (1024K)]


Current CompileTask:
C2:1291 2023   !   4       com.sun.javafx.css.ParsedValueImpl::readBinary (688 bytes)

Stack: [0x0000003dc8000000,0x0000003dc8100000]
Native frames: (J=compiled Java code, j=interpreted, Vv=VM code, C=native code)
V  [jvm.dll+0x6e08b9]  (no source info available)
V  [jvm.dll+0x87dc83]  (no source info available)
V  [jvm.dll+0x88010e]  (no source info available)
V  [jvm.dll+0x8807e3]  (no source info available)
V  [jvm.dll+0x27aee6]  (no source info available)
V  [jvm.dll+0xbc06f]  (no source info available)
V  [jvm.dll+0xbc2cb]  (no source info available)
V  [jvm.dll+0x3b3a9c]  (no source info available)
V  [jvm.dll+0x1dc19c]  (no source info available)
V  [jvm.dll+0x244be5]  (no source info available)
V  [jvm.dll+0x243dff]  (no source info available)
V  [jvm.dll+0x1c33a0]  (no source info available)
V  [jvm.dll+0x253cf1]  (no source info available)
V  [jvm.dll+0x251faa]  (no source info available)
V  [jvm.dll+0x3ee036]  (no source info available)
V  [jvm.dll+0x824f8b]  (no source info available)
V  [jvm.dll+0x6df065]  (no source info available)
C  [ucrtbase.dll+0x21bb2]  (no source info available)
C  [KERNEL32.DLL+0x17374]  (no source info available)
C  [ntdll.dll+0x4cc91]  (no source info available)

Lock stack of current Java thread (top to bottom):


---------------  P R O C E S S  ---------------

Threads class SMR info:
_java_thread_list=0x0000014c6bde4c90, length=22, elements={
0x0000014c07896240, 0x0000014c259e3fe0, 0x0000014c259e5db0, 0x0000014c259e7ca0,
0x0000014c259ea710, 0x0000014c259eb910, 0x0000014c259eeb20, 0x0000014c259f55a0,
0x0000014c259f2e70, 0x0000014c25af43d0, 0x0000014c6b3d6740, 0x0000014c6b3d6db0,
0x0000014c6b4abfe0, 0x0000014c6bdb6320, 0x0000014c6bb7f7e0, 0x0000014c6bb49b10,
0x0000014c6bddfb70, 0x0000014c6c1252b0, 0x0000014c6bc30570, 0x0000014c6b5229d0,
0x0000014c6b524aa0, 0x0000014c75409af0
}

Java Threads: ( => current thread )
  0x0000014c07896240 JavaThread "main"                              [_thread_blocked, id=14096, stack(0x0000003dc7200000,0x0000003dc7300000) (1024K)]
  0x0000014c259e3fe0 JavaThread "Reference Handler"          daemon [_thread_blocked, id=18012, stack(0x0000003dc7a00000,0x0000003dc7b00000) (1024K)]
  0x0000014c259e5db0 JavaThread "Finalizer"                  daemon [_thread_blocked, id=6264, stack(0x0000003dc7b00000,0x0000003dc7c00000) (1024K)]
  0x0000014c259e7ca0 JavaThread "Signal Dispatcher"          daemon [_thread_blocked, id=11052, stack(0x0000003dc7c00000,0x0000003dc7d00000) (1024K)]
  0x0000014c259ea710 JavaThread "Attach Listener"            daemon [_thread_blocked, id=20352, stack(0x0000003dc7d00000,0x0000003dc7e00000) (1024K)]
  0x0000014c259eb910 JavaThread "Service Thread"             daemon [_thread_blocked, id=16280, stack(0x0000003dc7e00000,0x0000003dc7f00000) (1024K)]
  0x0000014c259eeb20 JavaThread "Monitor Deflation Thread"   daemon [_thread_blocked, id=19632, stack(0x0000003dc7f00000,0x0000003dc8000000) (1024K)]
=>0x0000014c259f55a0 JavaThread "C2 CompilerThread0"         daemon [_thread_in_native, id=10580, stack(0x0000003dc8000000,0x0000003dc8100000) (1024K)]
  0x0000014c259f2e70 JavaThread "C1 CompilerThread0"         daemon [_thread_blocked, id=17020, stack(0x0000003dc8100000,0x0000003dc8200000) (1024K)]
  0x0000014c25af43d0 JavaThread "Common-Cleaner"             daemon [_thread_blocked, id=2984, stack(0x0000003dc8200000,0x0000003dc8300000) (1024K)]
  0x0000014c6b3d6740 JavaThread "Monitor Ctrl-Break"         daemon [_thread_in_native, id=4588, stack(0x0000003dc8500000,0x0000003dc8600000) (1024K)]
  0x0000014c6b3d6db0 JavaThread "Notification Thread"        daemon [_thread_blocked, id=13596, stack(0x0000003dc8600000,0x0000003dc8700000) (1024K)]
  0x0000014c6b4abfe0 JavaThread "QuantumRenderer-0"          daemon [_thread_blocked, id=13252, stack(0x0000003dc8700000,0x0000003dc8800000) (1024K)]
  0x0000014c6bdb6320 JavaThread "InvokeLaterDispatcher"      daemon [_thread_blocked, id=15004, stack(0x0000003dc8f00000,0x0000003dc9000000) (1024K)]
  0x0000014c6bb7f7e0 JavaThread "JavaFX Application Thread"         [_thread_in_native, id=4152, stack(0x0000003dc9000000,0x0000003dc9100000) (1024K)]
  0x0000014c6bb49b10 JavaThread "RMI TCP Accept-0"           daemon [_thread_in_native, id=15180, stack(0x0000003dc9100000,0x0000003dc9200000) (1024K)]
  0x0000014c6bddfb70 JavaThread "RMI TCP Connection(1)-192.169.0.115" daemon [_thread_in_native, id=19516, stack(0x0000003dc9500000,0x0000003dc9600000) (1024K)]
  0x0000014c6c1252b0 JavaThread "RMI Scheduler(0)"           daemon [_thread_blocked, id=7408, stack(0x0000003dc9600000,0x0000003dc9700000) (1024K)]
  0x0000014c6bc30570 JavaThread "JMX server connection timeout 37" daemon [_thread_blocked, id=6896, stack(0x0000003dc9800000,0x0000003dc9900000) (1024K)]
  0x0000014c6b5229d0 JavaThread "JavaFX-Launcher"                   [_thread_blocked, id=12280, stack(0x0000003dc9900000,0x0000003dc9a00000) (1024K)]
  0x0000014c6b524aa0 JavaThread "Thread-2"                   daemon [_thread_in_native, id=18620, stack(0x0000003dc9700000,0x0000003dc9800000) (1024K)]
  0x0000014c75409af0 JavaThread "Prism Font Disposer"        daemon [_thread_blocked, id=18672, stack(0x0000003dc9d00000,0x0000003dc9e00000) (1024K)]
Total: 22

Other Threads:
  0x0000014c259cbd80 VMThread "VM Thread"                           [id=11968, stack(0x0000003dc7900000,0x0000003dc7a00000) (1024K)]
  0x0000014c259b61b0 WatcherThread "VM Periodic Task Thread"        [id=18636, stack(0x0000003dc7800000,0x0000003dc7900000) (1024K)]
  0x0000014c078e9270 WorkerThread "GC Thread#0"                     [id=20160, stack(0x0000003dc7300000,0x0000003dc7400000) (1024K)]
  0x0000014c6ba263c0 WorkerThread "GC Thread#1"                     [id=8772, stack(0x0000003dc8800000,0x0000003dc8900000) (1024K)]
  0x0000014c6ba25150 WorkerThread "GC Thread#2"                     [id=15904, stack(0x0000003dc8900000,0x0000003dc8a00000) (1024K)]
  0x0000014c6ba25500 WorkerThread "GC Thread#3"                     [id=10300, stack(0x0000003dc8a00000,0x0000003dc8b00000) (1024K)]
  0x0000014c6ba28140 WorkerThread "GC Thread#4"                     [id=18468, stack(0x0000003dc8b00000,0x0000003dc8c00000) (1024K)]
  0x0000014c6ba258b0 WorkerThread "GC Thread#5"                     [id=17720, stack(0x0000003dc8c00000,0x0000003dc8d00000) (1024K)]
  0x0000014c6ba25c60 WorkerThread "GC Thread#6"                     [id=2108, stack(0x0000003dc8d00000,0x0000003dc8e00000) (1024K)]
  0x0000014c6ba26010 WorkerThread "GC Thread#7"                     [id=18072, stack(0x0000003dc8e00000,0x0000003dc8f00000) (1024K)]
  0x0000014c078f6220 ConcurrentGCThread "G1 Main Marker"            [id=11936, stack(0x0000003dc7400000,0x0000003dc7500000) (1024K)]
  0x0000014c0570d680 WorkerThread "G1 Conc#0"                       [id=12848, stack(0x0000003dc7500000,0x0000003dc7600000) (1024K)]
  0x0000014c0795e3a0 ConcurrentGCThread "G1 Refine#0"               [id=19116, stack(0x0000003dc7600000,0x0000003dc7700000) (1024K)]
  0x0000014c2588a0f0 ConcurrentGCThread "G1 Service"                [id=19460, stack(0x0000003dc7700000,0x0000003dc7800000) (1024K)]
Total: 14

Threads with active compile tasks:
C2 CompilerThread0  3007 2023   !   4       com.sun.javafx.css.ParsedValueImpl::readBinary (688 bytes)
Total: 1

VM state: not at safepoint (normal execution)

VM Mutex/Monitor currently owned by a thread: None

Heap address: 0x0000000742400000, size: 3036 MB, Compressed Oops mode: Zero based, Oop shift amount: 3

CDS archive(s) mapped at: [0x0000014c26000000-0x0000014c26d70000-0x0000014c26d70000), size 14090240, SharedBaseAddress: 0x0000014c26000000, ArchiveRelocationMode: 1.
Compressed class space mapped at: 0x0000014c27000000-0x0000014c67000000, reserved size: 1073741824
Narrow klass base: 0x0000014c26000000, Narrow klass shift: 0, Narrow klass range: 0x41000000

GC Precious Log:
 CardTable entry size: 512
 Card Set container configuration: InlinePtr #cards 4 size 8 Array Of Cards #cards 16 size 48 Howl #buckets 8 coarsen threshold 3686 Howl Bitmap #cards 512 size 80 coarsen threshold 460 Card regions per heap region 1 cards per card region 4096
 CPUs: 8 total, 8 available
 Memory: 12139M
 Large Page Support: Disabled
 NUMA Support: Disabled
 Compressed Oops: Enabled (Zero based)
 Heap Region Size: 2M
 Heap Min Capacity: 8M
 Heap Initial Capacity: 190M
 Heap Max Capacity: 3036M
 Pre-touch: Disabled
 Parallel Workers: 8
 Concurrent Workers: 2
 Concurrent Refinement Workers: 8
 Periodic GC: Disabled

Heap:
 garbage-first heap   total reserved 3108864K, committed 194560K, used 41577K [0x0000000742400000, 0x0000000800000000)
  region size 2048K, 18 young (36864K), 2 survivors (4096K)
 Metaspace       used 19492K, committed 19904K, reserved 1114112K
  class space    used 2849K, committed 3008K, reserved 1048576K

Heap Regions: E=young(eden), S=young(survivor), O=old, HS=humongous(starts), HC=humongous(continues), CS=collection set, F=free, TAMS=top-at-mark-start, PB=parsable bottom
|   0|0x0000000742400000, 0x0000000742600000, 0x0000000742600000|100%| O|  |TAMS 0x0000000742400000| PB 0x0000000742400000| Untracked |  0
|   1|0x0000000742600000, 0x00000007427f3840, 0x0000000742800000| 97%| O|  |TAMS 0x0000000742600000| PB 0x0000000742600000| Untracked |  0
|   2|0x0000000742800000, 0x0000000742a00000, 0x0000000742a00000|100%|HS|  |TAMS 0x0000000742800000| PB 0x0000000742800000| Complete |  0
|   3|0x0000000742a00000, 0x0000000742c00000, 0x0000000742c00000|100%|HC|  |TAMS 0x0000000742a00000| PB 0x0000000742a00000| Complete |  0
|   4|0x0000000742c00000, 0x0000000742e00000, 0x0000000742e00000|100%|HC|  |TAMS 0x0000000742c00000| PB 0x0000000742c00000| Complete |  0
|   5|0x0000000742e00000, 0x0000000742e00000, 0x0000000743000000|  0%| F|  |TAMS 0x0000000742e00000| PB 0x0000000742e00000| Untracked |  0
|   6|0x0000000743000000, 0x0000000743000000, 0x0000000743200000|  0%| F|  |TAMS 0x0000000743000000| PB 0x0000000743000000| Untracked |  0
|   7|0x0000000743200000, 0x0000000743200000, 0x0000000743400000|  0%| F|  |TAMS 0x0000000743200000| PB 0x0000000743200000| Untracked |  0
|   8|0x0000000743400000, 0x0000000743400000, 0x0000000743600000|  0%| F|  |TAMS 0x0000000743400000| PB 0x0000000743400000| Untracked |  0
|   9|0x0000000743600000, 0x0000000743600000, 0x0000000743800000|  0%| F|  |TAMS 0x0000000743600000| PB 0x0000000743600000| Untracked |  0
|  10|0x0000000743800000, 0x0000000743800000, 0x0000000743a00000|  0%| F|  |TAMS 0x0000000743800000| PB 0x0000000743800000| Untracked |  0
|  11|0x0000000743a00000, 0x0000000743a00000, 0x0000000743c00000|  0%| F|  |TAMS 0x0000000743a00000| PB 0x0000000743a00000| Untracked |  0
|  12|0x0000000743c00000, 0x0000000743c00000, 0x0000000743e00000|  0%| F|  |TAMS 0x0000000743c00000| PB 0x0000000743c00000| Untracked |  0
|  13|0x0000000743e00000, 0x0000000743e00000, 0x0000000744000000|  0%| F|  |TAMS 0x0000000743e00000| PB 0x0000000743e00000| Untracked |  0
|  14|0x0000000744000000, 0x0000000744000000, 0x0000000744200000|  0%| F|  |TAMS 0x0000000744000000| PB 0x0000000744000000| Untracked |  0
|  15|0x0000000744200000, 0x0000000744200000, 0x0000000744400000|  0%| F|  |TAMS 0x0000000744200000| PB 0x0000000744200000| Untracked |  0
|  16|0x0000000744400000, 0x0000000744400000, 0x0000000744600000|  0%| F|  |TAMS 0x0000000744400000| PB 0x0000000744400000| Untracked |  0
|  17|0x0000000744600000, 0x0000000744600000, 0x0000000744800000|  0%| F|  |TAMS 0x0000000744600000| PB 0x0000000744600000| Untracked |  0
|  18|0x0000000744800000, 0x0000000744800000, 0x0000000744a00000|  0%| F|  |TAMS 0x0000000744800000| PB 0x0000000744800000| Untracked |  0
|  19|0x0000000744a00000, 0x0000000744a00000, 0x0000000744c00000|  0%| F|  |TAMS 0x0000000744a00000| PB 0x0000000744a00000| Untracked |  0
|  20|0x0000000744c00000, 0x0000000744c00000, 0x0000000744e00000|  0%| F|  |TAMS 0x0000000744c00000| PB 0x0000000744c00000| Untracked |  0
|  21|0x0000000744e00000, 0x0000000744e00000, 0x0000000745000000|  0%| F|  |TAMS 0x0000000744e00000| PB 0x0000000744e00000| Untracked |  0
|  22|0x0000000745000000, 0x0000000745000000, 0x0000000745200000|  0%| F|  |TAMS 0x0000000745000000| PB 0x0000000745000000| Untracked |  0
|  23|0x0000000745200000, 0x0000000745200000, 0x0000000745400000|  0%| F|  |TAMS 0x0000000745200000| PB 0x0000000745200000| Untracked |  0
|  24|0x0000000745400000, 0x0000000745400000, 0x0000000745600000|  0%| F|  |TAMS 0x0000000745400000| PB 0x0000000745400000| Untracked |  0
|  25|0x0000000745600000, 0x0000000745600000, 0x0000000745800000|  0%| F|  |TAMS 0x0000000745600000| PB 0x0000000745600000| Untracked |  0
|  26|0x0000000745800000, 0x0000000745800000, 0x0000000745a00000|  0%| F|  |TAMS 0x0000000745800000| PB 0x0000000745800000| Untracked |  0
|  27|0x0000000745a00000, 0x0000000745a00000, 0x0000000745c00000|  0%| F|  |TAMS 0x0000000745a00000| PB 0x0000000745a00000| Untracked |  0
|  28|0x0000000745c00000, 0x0000000745c00000, 0x0000000745e00000|  0%| F|  |TAMS 0x0000000745c00000| PB 0x0000000745c00000| Untracked |  0
|  29|0x0000000745e00000, 0x0000000745e00000, 0x0000000746000000|  0%| F|  |TAMS 0x0000000745e00000| PB 0x0000000745e00000| Untracked |  0
|  30|0x0000000746000000, 0x0000000746000000, 0x0000000746200000|  0%| F|  |TAMS 0x0000000746000000| PB 0x0000000746000000| Untracked |  0
|  31|0x0000000746200000, 0x0000000746200000, 0x0000000746400000|  0%| F|  |TAMS 0x0000000746200000| PB 0x0000000746200000| Untracked |  0
|  32|0x0000000746400000, 0x0000000746400000, 0x0000000746600000|  0%| F|  |TAMS 0x0000000746400000| PB 0x0000000746400000| Untracked |  0
|  33|0x0000000746600000, 0x0000000746600000, 0x0000000746800000|  0%| F|  |TAMS 0x0000000746600000| PB 0x0000000746600000| Untracked |  0
|  34|0x0000000746800000, 0x0000000746800000, 0x0000000746a00000|  0%| F|  |TAMS 0x0000000746800000| PB 0x0000000746800000| Untracked |  0
|  35|0x0000000746a00000, 0x0000000746a00000, 0x0000000746c00000|  0%| F|  |TAMS 0x0000000746a00000| PB 0x0000000746a00000| Untracked |  0
|  36|0x0000000746c00000, 0x0000000746c00000, 0x0000000746e00000|  0%| F|  |TAMS 0x0000000746c00000| PB 0x0000000746c00000| Untracked |  0
|  37|0x0000000746e00000, 0x0000000746e00000, 0x0000000747000000|  0%| F|  |TAMS 0x0000000746e00000| PB 0x0000000746e00000| Untracked |  0
|  38|0x0000000747000000, 0x0000000747000000, 0x0000000747200000|  0%| F|  |TAMS 0x0000000747000000| PB 0x0000000747000000| Untracked |  0
|  39|0x0000000747200000, 0x0000000747200000, 0x0000000747400000|  0%| F|  |TAMS 0x0000000747200000| PB 0x0000000747200000| Untracked |  0
|  40|0x0000000747400000, 0x0000000747400000, 0x0000000747600000|  0%| F|  |TAMS 0x0000000747400000| PB 0x0000000747400000| Untracked |  0
|  41|0x0000000747600000, 0x0000000747600000, 0x0000000747800000|  0%| F|  |TAMS 0x0000000747600000| PB 0x0000000747600000| Untracked |  0
|  42|0x0000000747800000, 0x0000000747800000, 0x0000000747a00000|  0%| F|  |TAMS 0x0000000747800000| PB 0x0000000747800000| Untracked |  0
|  43|0x0000000747a00000, 0x0000000747a00000, 0x0000000747c00000|  0%| F|  |TAMS 0x0000000747a00000| PB 0x0000000747a00000| Untracked |  0
|  44|0x0000000747c00000, 0x0000000747c00000, 0x0000000747e00000|  0%| F|  |TAMS 0x0000000747c00000| PB 0x0000000747c00000| Untracked |  0
|  45|0x0000000747e00000, 0x0000000747e00000, 0x0000000748000000|  0%| F|  |TAMS 0x0000000747e00000| PB 0x0000000747e00000| Untracked |  0
|  46|0x0000000748000000, 0x0000000748000000, 0x0000000748200000|  0%| F|  |TAMS 0x0000000748000000| PB 0x0000000748000000| Untracked |  0
|  47|0x0000000748200000, 0x0000000748200000, 0x0000000748400000|  0%| F|  |TAMS 0x0000000748200000| PB 0x0000000748200000| Untracked |  0
|  48|0x0000000748400000, 0x0000000748400000, 0x0000000748600000|  0%| F|  |TAMS 0x0000000748400000| PB 0x0000000748400000| Untracked |  0
|  49|0x0000000748600000, 0x0000000748600000, 0x0000000748800000|  0%| F|  |TAMS 0x0000000748600000| PB 0x0000000748600000| Untracked |  0
|  50|0x0000000748800000, 0x0000000748800000, 0x0000000748a00000|  0%| F|  |TAMS 0x0000000748800000| PB 0x0000000748800000| Untracked |  0
|  51|0x0000000748a00000, 0x0000000748a00000, 0x0000000748c00000|  0%| F|  |TAMS 0x0000000748a00000| PB 0x0000000748a00000| Untracked |  0
|  52|0x0000000748c00000, 0x0000000748c00000, 0x0000000748e00000|  0%| F|  |TAMS 0x0000000748c00000| PB 0x0000000748c00000| Untracked |  0
|  53|0x0000000748e00000, 0x0000000748e00000, 0x0000000749000000|  0%| F|  |TAMS 0x0000000748e00000| PB 0x0000000748e00000| Untracked |  0
|  54|0x0000000749000000, 0x0000000749000000, 0x0000000749200000|  0%| F|  |TAMS 0x0000000749000000| PB 0x0000000749000000| Untracked |  0
|  55|0x0000000749200000, 0x0000000749200000, 0x0000000749400000|  0%| F|  |TAMS 0x0000000749200000| PB 0x0000000749200000| Untracked |  0
|  56|0x0000000749400000, 0x0000000749400000, 0x0000000749600000|  0%| F|  |TAMS 0x0000000749400000| PB 0x0000000749400000| Untracked |  0
|  57|0x0000000749600000, 0x0000000749600000, 0x0000000749800000|  0%| F|  |TAMS 0x0000000749600000| PB 0x0000000749600000| Untracked |  0
|  58|0x0000000749800000, 0x0000000749800000, 0x0000000749a00000|  0%| F|  |TAMS 0x0000000749800000| PB 0x0000000749800000| Untracked |  0
|  59|0x0000000749a00000, 0x0000000749a00000, 0x0000000749c00000|  0%| F|  |TAMS 0x0000000749a00000| PB 0x0000000749a00000| Untracked |  0
|  60|0x0000000749c00000, 0x0000000749c00000, 0x0000000749e00000|  0%| F|  |TAMS 0x0000000749c00000| PB 0x0000000749c00000| Untracked |  0
|  61|0x0000000749e00000, 0x0000000749e00000, 0x000000074a000000|  0%| F|  |TAMS 0x0000000749e00000| PB 0x0000000749e00000| Untracked |  0
|  62|0x000000074a000000, 0x000000074a000000, 0x000000074a200000|  0%| F|  |TAMS 0x000000074a000000| PB 0x000000074a000000| Untracked |  0
|  63|0x000000074a200000, 0x000000074a200000, 0x000000074a400000|  0%| F|  |TAMS 0x000000074a200000| PB 0x000000074a200000| Untracked |  0
|  64|0x000000074a400000, 0x000000074a400000, 0x000000074a600000|  0%| F|  |TAMS 0x000000074a400000| PB 0x000000074a400000| Untracked |  0
|  65|0x000000074a600000, 0x000000074a600000, 0x000000074a800000|  0%| F|  |TAMS 0x000000074a600000| PB 0x000000074a600000| Untracked |  0
|  66|0x000000074a800000, 0x000000074a800000, 0x000000074aa00000|  0%| F|  |TAMS 0x000000074a800000| PB 0x000000074a800000| Untracked |  0
|  67|0x000000074aa00000, 0x000000074aa00000, 0x000000074ac00000|  0%| F|  |TAMS 0x000000074aa00000| PB 0x000000074aa00000| Untracked |  0
|  68|0x000000074ac00000, 0x000000074ac00000, 0x000000074ae00000|  0%| F|  |TAMS 0x000000074ac00000| PB 0x000000074ac00000| Untracked |  0
|  69|0x000000074ae00000, 0x000000074ae00000, 0x000000074b000000|  0%| F|  |TAMS 0x000000074ae00000| PB 0x000000074ae00000| Untracked |  0
|  70|0x000000074b000000, 0x000000074b000000, 0x000000074b200000|  0%| F|  |TAMS 0x000000074b000000| PB 0x000000074b000000| Untracked |  0
|  71|0x000000074b200000, 0x000000074b200000, 0x000000074b400000|  0%| F|  |TAMS 0x000000074b200000| PB 0x000000074b200000| Untracked |  0
|  72|0x000000074b400000, 0x000000074b400000, 0x000000074b600000|  0%| F|  |TAMS 0x000000074b400000| PB 0x000000074b400000| Untracked |  0
|  73|0x000000074b600000, 0x000000074b600000, 0x000000074b800000|  0%| F|  |TAMS 0x000000074b600000| PB 0x000000074b600000| Untracked |  0
|  74|0x000000074b800000, 0x000000074b800000, 0x000000074ba00000|  0%| F|  |TAMS 0x000000074b800000| PB 0x000000074b800000| Untracked |  0
|  75|0x000000074ba00000, 0x000000074ba00000, 0x000000074bc00000|  0%| F|  |TAMS 0x000000074ba00000| PB 0x000000074ba00000| Untracked |  0
|  76|0x000000074bc00000, 0x000000074bc00000, 0x000000074be00000|  0%| F|  |TAMS 0x000000074bc00000| PB 0x000000074bc00000| Untracked |  0
|  77|0x000000074be00000, 0x000000074bec8e00, 0x000000074c000000| 39%| E|  |TAMS 0x000000074be00000| PB 0x000000074be00000| Complete |  0
|  78|0x000000074c000000, 0x000000074c200000, 0x000000074c200000|100%| E|CS|TAMS 0x000000074c000000| PB 0x000000074c000000| Complete |  0
|  79|0x000000074c200000, 0x000000074c400000, 0x000000074c400000|100%| E|CS|TAMS 0x000000074c200000| PB 0x000000074c200000| Complete |  0
|  80|0x000000074c400000, 0x000000074c4a6ce0, 0x000000074c600000| 32%| S|CS|TAMS 0x000000074c400000| PB 0x000000074c400000| Complete |  0
|  81|0x000000074c600000, 0x000000074c800000, 0x000000074c800000|100%| E|CS|TAMS 0x000000074c600000| PB 0x000000074c600000| Complete |  0
|  82|0x000000074c800000, 0x000000074ca00000, 0x000000074ca00000|100%| E|CS|TAMS 0x000000074c800000| PB 0x000000074c800000| Complete |  0
|  83|0x000000074ca00000, 0x000000074cc00000, 0x000000074cc00000|100%| S|CS|TAMS 0x000000074ca00000| PB 0x000000074ca00000| Complete |  0
|  84|0x000000074cc00000, 0x000000074ce00000, 0x000000074ce00000|100%| E|  |TAMS 0x000000074cc00000| PB 0x000000074cc00000| Complete |  0
|  85|0x000000074ce00000, 0x000000074d000000, 0x000000074d000000|100%| E|CS|TAMS 0x000000074ce00000| PB 0x000000074ce00000| Complete |  0
|  86|0x000000074d000000, 0x000000074d200000, 0x000000074d200000|100%| E|CS|TAMS 0x000000074d000000| PB 0x000000074d000000| Complete |  0
|  87|0x000000074d200000, 0x000000074d400000, 0x000000074d400000|100%| E|CS|TAMS 0x000000074d200000| PB 0x000000074d200000| Complete |  0
|  88|0x000000074d400000, 0x000000074d600000, 0x000000074d600000|100%| E|CS|TAMS 0x000000074d400000| PB 0x000000074d400000| Complete |  0
|  89|0x000000074d600000, 0x000000074d800000, 0x000000074d800000|100%| E|CS|TAMS 0x000000074d600000| PB 0x000000074d600000| Complete |  0
|  90|0x000000074d800000, 0x000000074da00000, 0x000000074da00000|100%| E|CS|TAMS 0x000000074d800000| PB 0x000000074d800000| Complete |  0
|  91|0x000000074da00000, 0x000000074dc00000, 0x000000074dc00000|100%| E|CS|TAMS 0x000000074da00000| PB 0x000000074da00000| Complete |  0
|  92|0x000000074dc00000, 0x000000074de00000, 0x000000074de00000|100%| E|CS|TAMS 0x000000074dc00000| PB 0x000000074dc00000| Complete |  0
|  93|0x000000074de00000, 0x000000074e000000, 0x000000074e000000|100%| E|CS|TAMS 0x000000074de00000| PB 0x000000074de00000| Complete |  0
|  94|0x000000074e000000, 0x000000074e200000, 0x000000074e200000|100%| E|CS|TAMS 0x000000074e000000| PB 0x000000074e000000| Complete |  0

Card table byte_map: [0x0000014c1fa00000,0x0000014c1fff0000] _byte_map_base: 0x0000014c1bfee000

Marking Bits: (CMBitMap*) 0x0000014c078e9980
 Bits: [0x0000014c1fff0000, 0x0000014c22f60000)

Polling page: 0x0000014c07060000

Metaspace:

Usage:
  Non-class:     16.26 MB used.
      Class:      2.78 MB used.
       Both:     19.04 MB used.

Virtual space:
  Non-class space:       64.00 MB reserved,      16.50 MB ( 26%) committed,  1 nodes.
      Class space:        1.00 GB reserved,       2.94 MB ( <1%) committed,  1 nodes.
             Both:        1.06 GB reserved,      19.44 MB (  2%) committed. 

Chunk freelists:
   Non-Class:  15.39 MB
       Class:  13.09 MB
        Both:  28.48 MB

MaxMetaspaceSize: unlimited
CompressedClassSpaceSize: 1.00 GB
Initial GC threshold: 21.00 MB
Current GC threshold: 21.00 MB
CDS: on
 - commit_granule_bytes: 65536.
 - commit_granule_words: 8192.
 - virtual_space_node_default_size: 8388608.
 - enlarge_chunks_in_place: 1.
 - use_allocation_guard: 0.


Internal statistics:

num_allocs_failed_limit: 0.
num_arena_births: 478.
num_arena_deaths: 0.
num_vsnodes_births: 2.
num_vsnodes_deaths: 0.
num_space_committed: 311.
num_space_uncommitted: 0.
num_chunks_returned_to_freelist: 0.
num_chunks_taken_from_freelist: 1029.
num_chunk_merges: 0.
num_chunk_splits: 651.
num_chunks_enlarged: 408.
num_inconsistent_stats: 0.

CodeHeap 'non-profiled nmethods': size=120064Kb used=942Kb max_used=942Kb free=119121Kb
 bounds [0x0000014c17a90000, 0x0000014c17d00000, 0x0000014c1efd0000]
CodeHeap 'profiled nmethods': size=120000Kb used=3684Kb max_used=3684Kb free=116316Kb
 bounds [0x0000014c0ffd0000, 0x0000014c10370000, 0x0000014c17500000]
CodeHeap 'non-nmethods': size=5696Kb used=1760Kb max_used=1813Kb free=3935Kb
 bounds [0x0000014c17500000, 0x0000014c17770000, 0x0000014c17a90000]
CodeCache: size=245760Kb, used=6386Kb, max_used=6439Kb, free=239372Kb
 total_blobs=3543, nmethods=2735, adapters=713, full_count=0
Compilation: enabled, stopped_count=0, restarted_count=0

Compilation events (20 events):
Event: 1.287 Thread 0x0000014c259f2e70 2177       3       java.lang.PublicMethods$MethodList::filter (104 bytes)
Event: 1.288 Thread 0x0000014c25b8cb90 nmethod 2174 0x0000014c17b46f88 code [0x0000014c17b470a0, 0x0000014c17b472d0]
Event: 1.288 Thread 0x0000014c259f2e70 nmethod 2177 0x0000014c1029a908 code [0x0000014c1029aac0, 0x0000014c1029b498]
Event: 1.288 Thread 0x0000014c259f2e70 2178       3       java.lang.Class::privateGetDeclaredMethods (64 bytes)
Event: 1.288 Thread 0x0000014c259f2e70 nmethod 2178 0x0000014c1029b508 code [0x0000014c1029b6a0, 0x0000014c1029be20]
Event: 1.288 Thread 0x0000014c259f2e70 2176       3       java.util.stream.AbstractPipeline::sourceSpliterator (262 bytes)
Event: 1.289 Thread 0x0000014c259f2e70 nmethod 2176 0x0000014c1029be88 code [0x0000014c1029c080, 0x0000014c1029ce10]
Event: 1.289 Thread 0x0000014c259f2e70 2170       3       jdk.xml.internal.XMLSecurityManager::isOverLimit (10 bytes)
Event: 1.289 Thread 0x0000014c259f2e70 nmethod 2170 0x0000014c1029ce88 code [0x0000014c1029cfa0, 0x0000014c1029d100]
Event: 1.289 Thread 0x0000014c259f2e70 2173       3       java.util.stream.Sink::end (1 bytes)
Event: 1.289 Thread 0x0000014c259f2e70 nmethod 2173 0x0000014c1029d188 code [0x0000014c1029d2a0, 0x0000014c1029d3a8]
Event: 1.289 Thread 0x0000014c259f2e70 2175       1       java.util.stream.Collectors$CollectorImpl::characteristics (5 bytes)
Event: 1.289 Thread 0x0000014c259f2e70 nmethod 2175 0x0000014c17b47388 code [0x0000014c17b474a0, 0x0000014c17b47570]
Event: 1.289 Thread 0x0000014c259f2e70 2172       1       java.util.Collections$1::hasNext (5 bytes)
Event: 1.289 Thread 0x0000014c259f2e70 nmethod 2172 0x0000014c17b47688 code [0x0000014c17b477a0, 0x0000014c17b47870]
Event: 1.289 Thread 0x0000014c259f2e70 2171       1       java.lang.reflect.Field::getType (5 bytes)
Event: 1.289 Thread 0x0000014c259f2e70 nmethod 2171 0x0000014c17b47988 code [0x0000014c17b47aa0, 0x0000014c17b47b70]
Event: 1.289 Thread 0x0000014c259f2e70 2179       1       java.lang.NamedPackage::packageName (5 bytes)
Event: 1.289 Thread 0x0000014c259f2e70 nmethod 2179 0x0000014c17b47c88 code [0x0000014c17b47da0, 0x0000014c17b47e70]
Event: 1.289 Thread 0x0000014c259f2e70 2180   !   3       com.sun.javafx.fxml.ModuleHelper::getModule (30 bytes)

GC Heap History (4 events):
Event: 0.700 GC heap before
{Heap before GC invocations=0 (full 0):
 garbage-first heap   total reserved 3108864K, committed 194560K, used 24576K [0x0000000742400000, 0x0000000800000000)
  region size 2048K, 12 young (24576K), 0 survivors (0K)
 Metaspace       used 6990K, committed 7232K, reserved 1114112K
  class space    used 816K, committed 896K, reserved 1048576K
}
Event: 0.705 GC heap after
{Heap after GC invocations=1 (full 0):
 garbage-first heap   total reserved 3108864K, committed 194560K, used 4160K [0x0000000742400000, 0x0000000800000000)
  region size 2048K, 2 young (4096K), 2 survivors (4096K)
 Metaspace       used 6990K, committed 7232K, reserved 1114112K
  class space    used 816K, committed 896K, reserved 1048576K
}
Event: 1.079 GC heap before
{Heap before GC invocations=1 (full 0):
 garbage-first heap   total reserved 3108864K, committed 194560K, used 24640K [0x0000000742400000, 0x0000000800000000)
  region size 2048K, 13 young (26624K), 2 survivors (4096K)
 Metaspace       used 13864K, committed 14272K, reserved 1114112K
  class space    used 1772K, committed 1984K, reserved 1048576K
}
Event: 1.085 GC heap after
{Heap after GC invocations=2 (full 0):
 garbage-first heap   total reserved 3108864K, committed 194560K, used 6761K [0x0000000742400000, 0x0000000800000000)
  region size 2048K, 2 young (4096K), 2 survivors (4096K)
 Metaspace       used 13864K, committed 14272K, reserved 1114112K
  class space    used 1772K, committed 1984K, reserved 1048576K
}

Dll operation events (20 events):
Event: 0.507 Loaded shared library C:\Users\USER\.openjfx\cache\17.0.6\api-ms-win-crt-heap-l1-1-0.dll
Event: 0.510 Loaded shared library C:\Users\USER\.openjfx\cache\17.0.6\api-ms-win-crt-locale-l1-1-0.dll
Event: 0.513 Loaded shared library C:\Users\USER\.openjfx\cache\17.0.6\api-ms-win-crt-math-l1-1-0.dll
Event: 0.516 Loaded shared library C:\Users\USER\.openjfx\cache\17.0.6\api-ms-win-crt-multibyte-l1-1-0.dll
Event: 0.520 Loaded shared library C:\Users\USER\.openjfx\cache\17.0.6\api-ms-win-crt-private-l1-1-0.dll
Event: 0.523 Loaded shared library C:\Users\USER\.openjfx\cache\17.0.6\api-ms-win-crt-process-l1-1-0.dll
Event: 0.526 Loaded shared library C:\Users\USER\.openjfx\cache\17.0.6\api-ms-win-crt-runtime-l1-1-0.dll
Event: 0.530 Loaded shared library C:\Users\USER\.openjfx\cache\17.0.6\api-ms-win-crt-stdio-l1-1-0.dll
Event: 0.533 Loaded shared library C:\Users\USER\.openjfx\cache\17.0.6\api-ms-win-crt-string-l1-1-0.dll
Event: 0.537 Loaded shared library C:\Users\USER\.openjfx\cache\17.0.6\api-ms-win-crt-time-l1-1-0.dll
Event: 0.539 Loaded shared library C:\Users\USER\.openjfx\cache\17.0.6\api-ms-win-crt-utility-l1-1-0.dll
Event: 0.559 Loaded shared library C:\Users\USER\.openjfx\cache\17.0.6\ucrtbase.dll
Event: 0.565 Loaded shared library C:\Users\USER\.openjfx\cache\17.0.6\vcruntime140.dll
Event: 0.571 Loaded shared library C:\Users\USER\.openjfx\cache\17.0.6\vcruntime140_1.dll
Event: 0.581 Loaded shared library C:\Users\USER\.openjfx\cache\17.0.6\msvcp140.dll
Event: 0.585 Loaded shared library C:\Users\USER\.openjfx\cache\17.0.6\msvcp140_1.dll
Event: 0.591 Loaded shared library C:\Users\USER\.openjfx\cache\17.0.6\msvcp140_2.dll
Event: 0.650 Loaded shared library C:\Users\USER\.openjfx\cache\17.0.6\prism_d3d.dll
Event: 0.718 Loaded shared library C:\Users\USER\.openjfx\cache\17.0.6\glass.dll
Event: 1.063 Loaded shared library C:\Users\USER\.openjfx\cache\17.0.6\javafx_font.dll

Deoptimization events (20 events):
Event: 1.077 Thread 0x0000014c6bb7f7e0 Uncommon trap: trap_request=0xffffffde fr.pc=0x0000014c17ad2a30 relative=0x0000000000001110
Event: 1.077 Thread 0x0000014c6bb7f7e0 Uncommon trap: reason=class_check action=maybe_recompile pc=0x0000014c17ad2a30 method=java.io.BufferedInputStream.implRead([BII)I @ 100 c2
Event: 1.077 Thread 0x0000014c6bb7f7e0 DEOPT PACKING pc=0x0000014c17ad2a30 sp=0x0000003dc90fcc80
Event: 1.077 Thread 0x0000014c6bb7f7e0 DEOPT UNPACKING pc=0x0000014c17554402 sp=0x0000003dc90fcb60 mode 2
Event: 1.079 Thread 0x0000014c6bb7f7e0 Uncommon trap: trap_request=0xffffffde fr.pc=0x0000014c17ad2a30 relative=0x0000000000001110
Event: 1.079 Thread 0x0000014c6bb7f7e0 Uncommon trap: reason=class_check action=maybe_recompile pc=0x0000014c17ad2a30 method=java.io.BufferedInputStream.implRead([BII)I @ 100 c2
Event: 1.079 Thread 0x0000014c6bb7f7e0 DEOPT PACKING pc=0x0000014c17ad2a30 sp=0x0000003dc90fca00
Event: 1.079 Thread 0x0000014c6bb7f7e0 DEOPT UNPACKING pc=0x0000014c17554402 sp=0x0000003dc90fc8e0 mode 2
Event: 1.119 Thread 0x0000014c6bb7f7e0 Uncommon trap: trap_request=0xffffff45 fr.pc=0x0000014c17b18fb0 relative=0x0000000000000690
Event: 1.119 Thread 0x0000014c6bb7f7e0 Uncommon trap: reason=unstable_if action=reinterpret pc=0x0000014c17b18fb0 method=java.util.HashMap.putVal(ILjava/lang/Object;Ljava/lang/Object;ZZ)Ljava/lang/Object; @ 162 c2
Event: 1.119 Thread 0x0000014c6bb7f7e0 DEOPT PACKING pc=0x0000014c17b18fb0 sp=0x0000003dc90fcde0
Event: 1.119 Thread 0x0000014c6bb7f7e0 DEOPT UNPACKING pc=0x0000014c17554402 sp=0x0000003dc90fcd28 mode 2
Event: 1.119 Thread 0x0000014c6bb7f7e0 Uncommon trap: trap_request=0xffffff45 fr.pc=0x0000014c17b2dae0 relative=0x0000000000000300
Event: 1.119 Thread 0x0000014c6bb7f7e0 Uncommon trap: reason=unstable_if action=reinterpret pc=0x0000014c17b2dae0 method=java.util.HashMap.getNode(Ljava/lang/Object;)Ljava/util/HashMap$Node; @ 85 c2
Event: 1.119 Thread 0x0000014c6bb7f7e0 DEOPT PACKING pc=0x0000014c17b2dae0 sp=0x0000003dc90fcec0
Event: 1.119 Thread 0x0000014c6bb7f7e0 DEOPT UNPACKING pc=0x0000014c17554402 sp=0x0000003dc90fcdd0 mode 2
Event: 1.121 Thread 0x0000014c6bb7f7e0 Uncommon trap: trap_request=0xffffff45 fr.pc=0x0000014c17b01288 relative=0x0000000000000a88
Event: 1.121 Thread 0x0000014c6bb7f7e0 Uncommon trap: reason=unstable_if action=reinterpret pc=0x0000014c17b01288 method=java.util.HashMap.resize()[Ljava/util/HashMap$Node; @ 203 c2
Event: 1.121 Thread 0x0000014c6bb7f7e0 DEOPT PACKING pc=0x0000014c17b01288 sp=0x0000003dc90fccc0
Event: 1.121 Thread 0x0000014c6bb7f7e0 DEOPT UNPACKING pc=0x0000014c17554402 sp=0x0000003dc90fcc50 mode 2

Classes loaded (20 events):
Event: 1.095 Loading class java/util/AbstractList$ListItr
Event: 1.095 Loading class java/util/AbstractList$ListItr done
Event: 1.150 Loading class java/util/WeakHashMap$Values
Event: 1.151 Loading class java/util/WeakHashMap$Values done
Event: 1.151 Loading class java/util/WeakHashMap$ValueIterator
Event: 1.151 Loading class java/util/WeakHashMap$ValueIterator done
Event: 1.173 Loading class jdk/internal/foreign/MemorySessionImpl
Event: 1.173 Loading class java/lang/foreign/MemorySegment$Scope
Event: 1.174 Loading class java/lang/foreign/MemorySegment$Scope done
Event: 1.174 Loading class jdk/internal/foreign/MemorySessionImpl done
Event: 1.193 Loading class sun/nio/cs/UTF_16BE$Decoder
Event: 1.193 Loading class sun/nio/cs/UnicodeDecoder
Event: 1.193 Loading class sun/nio/cs/UnicodeDecoder done
Event: 1.193 Loading class sun/nio/cs/UTF_16BE$Decoder done
Event: 1.201 Loading class javax/management/openmbean/CompositeDataSupport
Event: 1.201 Loading class javax/management/openmbean/CompositeDataSupport done
Event: 1.202 Loading class javax/management/openmbean/OpenDataException
Event: 1.202 Loading class javax/management/openmbean/OpenDataException done
Event: 1.205 Loading class java/io/ObjectStreamException
Event: 1.205 Loading class java/io/ObjectStreamException done

Classes unloaded (0 events):
No events

Classes redefined (0 events):
No events

Internal exceptions (20 events):
Event: 0.976 Thread 0x0000014c6bb7f7e0 Exception <a 'java/lang/NoSuchMethodError'{0x000000074d3bb960}: 'java.lang.Object java.lang.invoke.DirectMethodHandle$Holder.invokeStaticInit(java.lang.Object, java.lang.Object, java.lang.Object, java.lang.Object)'> (0x000000074d3bb960) 
thrown [s\open\src\hotspot\share\interpreter\linkResolver.cpp, line 796]
Event: 0.977 Thread 0x0000014c6bb7f7e0 Exception <a 'java/lang/NullPointerException'{0x000000074d3c8438}> (0x000000074d3c8438) 
thrown [s\open\src\hotspot\share\interpreter\linkResolver.cpp, line 1389]
Event: 0.989 Thread 0x0000014c6bb7f7e0 Exception <a 'java/lang/ClassNotFoundException'{0x000000074d063038}: sun/util/logging/resources/spi/loggingProvider> (0x000000074d063038) 
thrown [s\open\src\hotspot\share\classfile\systemDictionary.cpp, line 313]
Event: 1.016 Thread 0x0000014c6bb7f7e0 Exception <a 'java/lang/NoSuchMethodError'{0x000000074ce28cb0}: 'double java.lang.invoke.DelegatingMethodHandle$Holder.reinvoke_L(java.lang.Object, java.lang.Object, int)'> (0x000000074ce28cb0) 
thrown [s\open\src\hotspot\share\interpreter\linkResolver.cpp, line 796]
Event: 1.017 Thread 0x0000014c6bb7f7e0 Exception <a 'java/lang/NoSuchMethodError'{0x000000074ce3a728}: 'java.lang.Object java.lang.invoke.DirectMethodHandle$Holder.invokeStatic(java.lang.Object, java.lang.Object, java.lang.Object, java.lang.Object, int)'> (0x000000074ce3a728) 
thrown [s\open\src\hotspot\share\interpreter\linkResolver.cpp, line 796]
Event: 1.018 Thread 0x0000014c6bb7f7e0 Exception <a 'java/lang/NoSuchMethodError'{0x000000074ce45900}: 'java.lang.Object java.lang.invoke.DelegatingMethodHandle$Holder.reinvoke_L(java.lang.Object, double, double, double, double)'> (0x000000074ce45900) 
thrown [s\open\src\hotspot\share\interpreter\linkResolver.cpp, line 796]
Event: 1.019 Thread 0x0000014c6bb7f7e0 Exception <a 'java/lang/NoSuchMethodError'{0x000000074ce50720}: 'java.lang.Object java.lang.invoke.DirectMethodHandle$Holder.invokeStatic(java.lang.Object, java.lang.Object, int)'> (0x000000074ce50720) 
thrown [s\open\src\hotspot\share\interpreter\linkResolver.cpp, line 796]
Event: 1.019 Thread 0x0000014c6bb7f7e0 Exception <a 'java/lang/NoSuchMethodError'{0x000000074ce54bf8}: 'void java.lang.invoke.DirectMethodHandle$Holder.invokeStatic(java.lang.Object, java.lang.Object, int, java.lang.Object)'> (0x000000074ce54bf8) 
thrown [s\open\src\hotspot\share\interpreter\linkResolver.cpp, line 796]
Event: 1.019 Thread 0x0000014c6bb7f7e0 Exception <a 'java/lang/NoSuchMethodError'{0x000000074ce5b758}: 'void java.lang.invoke.DelegatingMethodHandle$Holder.delegate(java.lang.Object, java.lang.Object, int, java.lang.Object)'> (0x000000074ce5b758) 
thrown [s\open\src\hotspot\share\interpreter\linkResolver.cpp, line 796]
Event: 1.038 Thread 0x0000014c6bb7f7e0 Exception <a 'java/lang/ClassNotFoundException'{0x000000074cf4e2c0}: com/sun/glass/ui/win/themes> (0x000000074cf4e2c0) 
thrown [s\open\src\hotspot\share\prims\jni.cpp, line 539]
Event: 1.039 Thread 0x0000014c6bb7f7e0 Exception <a 'java/lang/ClassNotFoundException'{0x000000074cf56340}: com/sun/glass/ui/win/themes_en> (0x000000074cf56340) 
thrown [s\open\src\hotspot\share\prims\jni.cpp, line 539]
Event: 1.039 Thread 0x0000014c6bb7f7e0 Exception <a 'java/lang/ClassNotFoundException'{0x000000074cf5e168}: com/sun/glass/ui/win/themes_en_US> (0x000000074cf5e168) 
thrown [s\open\src\hotspot\share\prims\jni.cpp, line 539]
Event: 1.186 Thread 0x0000014c6bb7f7e0 Exception <a 'sun/nio/fs/WindowsException'{0x000000074dd163a8}> (0x000000074dd163a8) 
thrown [s\open\src\hotspot\share\prims\jni.cpp, line 520]
Event: 1.198 Thread 0x0000014c6bddfb70 Exception <a 'java/lang/NoSuchMethodError'{0x000000074dd64ad0}: 'long java.lang.invoke.DirectMethodHandle$Holder.invokeVirtual(java.lang.Object, java.lang.Object)'> (0x000000074dd64ad0) 
thrown [s\open\src\hotspot\share\interpreter\linkResolver.cpp, line 796]
Event: 1.199 Thread 0x0000014c6bddfb70 Exception <a 'java/lang/NoSuchMethodError'{0x000000074ddacf28}: 'long java.lang.invoke.DelegatingMethodHandle$Holder.reinvoke_L(java.lang.Object, java.lang.Object)'> (0x000000074ddacf28) 
thrown [s\open\src\hotspot\share\interpreter\linkResolver.cpp, line 796]
Event: 1.211 Thread 0x0000014c6bb7f7e0 Exception <a 'java/lang/NoSuchMethodError'{0x000000074dab54c0}: 'void java.lang.invoke.DirectMethodHandle$Holder.invokeSpecial(java.lang.Object, java.lang.Object, double)'> (0x000000074dab54c0) 
thrown [s\open\src\hotspot\share\interpreter\linkResolver.cpp, line 796]
Event: 1.212 Thread 0x0000014c6bb7f7e0 Exception <a 'java/lang/NoSuchMethodError'{0x000000074dabc518}: 'void java.lang.invoke.DelegatingMethodHandle$Holder.reinvoke_L(java.lang.Object, java.lang.Object, double)'> (0x000000074dabc518) 
thrown [s\open\src\hotspot\share\interpreter\linkResolver.cpp, line 796]
Event: 1.266 Thread 0x0000014c6bb7f7e0 Exception <a 'java/lang/NoSuchMethodError'{0x000000074d81de40}: 'void java.lang.invoke.Invokers$Holder.invokeExact_MT(java.lang.Object, java.lang.Object, java.lang.Object, java.lang.Object)'> (0x000000074d81de40) 
thrown [s\open\src\hotspot\share\interpreter\linkResolver.cpp, line 796]
Event: 1.274 Thread 0x0000014c6bb7f7e0 Exception <a 'java/lang/NoSuchMethodError'{0x000000074d8495d0}: 'void java.lang.invoke.DirectMethodHandle$Holder.invokeSpecial(java.lang.Object, java.lang.Object, int)'> (0x000000074d8495d0) 
thrown [s\open\src\hotspot\share\interpreter\linkResolver.cpp, line 796]
Event: 1.274 Thread 0x0000014c6bb7f7e0 Exception <a 'java/lang/NoSuchMethodError'{0x000000074d850400}: 'void java.lang.invoke.DelegatingMethodHandle$Holder.reinvoke_L(java.lang.Object, java.lang.Object, int)'> (0x000000074d850400) 
thrown [s\open\src\hotspot\share\interpreter\linkResolver.cpp, line 796]

VM Operations (20 events):
Event: 0.335 Executing VM operation: HandshakeAllThreads (Deoptimize)
Event: 0.335 Executing VM operation: HandshakeAllThreads (Deoptimize) done
Event: 0.338 Executing VM operation: HandshakeAllThreads (Deoptimize)
Event: 0.338 Executing VM operation: HandshakeAllThreads (Deoptimize) done
Event: 0.391 Executing VM operation: HandshakeAllThreads (Deoptimize)
Event: 0.392 Executing VM operation: HandshakeAllThreads (Deoptimize) done
Event: 0.436 Executing VM operation: HandshakeAllThreads (Deoptimize)
Event: 0.436 Executing VM operation: HandshakeAllThreads (Deoptimize) done
Event: 0.698 Executing VM operation: HandshakeAllThreads (Deoptimize)
Event: 0.698 Executing VM operation: HandshakeAllThreads (Deoptimize) done
Event: 0.700 Executing VM operation: G1CollectForAllocation (G1 Evacuation Pause)
Event: 0.705 Executing VM operation: G1CollectForAllocation (G1 Evacuation Pause) done
Event: 0.710 Executing VM operation: HandshakeAllThreads (Deoptimize)
Event: 0.710 Executing VM operation: HandshakeAllThreads (Deoptimize) done
Event: 0.811 Executing VM operation: HandshakeAllThreads (Deoptimize)
Event: 0.812 Executing VM operation: HandshakeAllThreads (Deoptimize) done
Event: 1.068 Executing VM operation: HandshakeAllThreads (Deoptimize)
Event: 1.068 Executing VM operation: HandshakeAllThreads (Deoptimize) done
Event: 1.079 Executing VM operation: G1CollectForAllocation (G1 Evacuation Pause)
Event: 1.085 Executing VM operation: G1CollectForAllocation (G1 Evacuation Pause) done

Memory protections (0 events):
No events

Nmethod flushes (0 events):
No events

Events (20 events):
Event: 0.052 Thread 0x0000014c07896240 Thread added: 0x0000014c259e7ca0
Event: 0.052 Thread 0x0000014c07896240 Thread added: 0x0000014c259ea710
Event: 0.052 Thread 0x0000014c07896240 Thread added: 0x0000014c259eb910
Event: 0.052 Thread 0x0000014c07896240 Thread added: 0x0000014c259eeb20
Event: 0.052 Thread 0x0000014c07896240 Thread added: 0x0000014c259f55a0
Event: 0.052 Thread 0x0000014c07896240 Thread added: 0x0000014c259f2e70
Event: 0.086 Thread 0x0000014c07896240 Thread added: 0x0000014c25af43d0
Event: 0.149 Thread 0x0000014c259f2e70 Thread added: 0x0000014c25b8cb90
Event: 0.161 Thread 0x0000014c259f2e70 Thread added: 0x0000014c25cfdbb0
Event: 0.246 Thread 0x0000014c07896240 Thread added: 0x0000014c6b3d6740
Event: 0.246 Thread 0x0000014c07896240 Thread added: 0x0000014c6b3d6db0
Event: 0.636 Thread 0x0000014c07896240 Thread added: 0x0000014c6b4abfe0
Event: 0.720 Thread 0x0000014c07896240 Thread added: 0x0000014c6bdb6320
Event: 0.724 Thread 0x0000014c07896240 Thread added: 0x0000014c6bb7f7e0
Event: 0.745 Thread 0x0000014c259ea710 Thread added: 0x0000014c6bb49b10
Event: 0.766 Thread 0x0000014c6bb49b10 Thread added: 0x0000014c6bddfb70
Event: 0.798 Thread 0x0000014c6bddfb70 Thread added: 0x0000014c6c1252b0
Event: 0.808 Thread 0x0000014c6bddfb70 Thread added: 0x0000014c6bc30570
Event: 0.814 Thread 0x0000014c07896240 Thread added: 0x0000014c6b5229d0
Event: 0.821 Thread 0x0000014c6b524aa0 Thread added: 0x0000014c6b524aa0


Dynamic libraries:
0x00007ff767670000 - 0x00007ff76767e000 	C:\Users\USER\.jdks\openjdk-23.0.1\bin\java.exe
0x00007ffc70710000 - 0x00007ffc70908000 	C:\Windows\SYSTEM32\ntdll.dll
0x00007ffc6e8d0000 - 0x00007ffc6e992000 	C:\Windows\System32\KERNEL32.DLL
0x00007ffc6e280000 - 0x00007ffc6e57e000 	C:\Windows\System32\KERNELBASE.dll
0x00007ffc6de10000 - 0x00007ffc6df10000 	C:\Windows\System32\ucrtbase.dll
0x00007ffc64ce0000 - 0x00007ffc64cf7000 	C:\Users\USER\.jdks\openjdk-23.0.1\bin\jli.dll
0x00007ffc64c90000 - 0x00007ffc64cab000 	C:\Users\USER\.jdks\openjdk-23.0.1\bin\VCRUNTIME140.dll
0x00007ffc553b0000 - 0x00007ffc5564a000 	C:\Windows\WinSxS\amd64_microsoft.windows.common-controls_6595b64144ccf1df_6.0.19041.4355_none_60b8b9eb71f62e16\COMCTL32.dll
0x00007ffc70530000 - 0x00007ffc706cd000 	C:\Windows\System32\USER32.dll
0x00007ffc6f480000 - 0x00007ffc6f51e000 	C:\Windows\System32\msvcrt.dll
0x00007ffc6dde0000 - 0x00007ffc6de02000 	C:\Windows\System32\win32u.dll
0x00007ffc6f2b0000 - 0x00007ffc6f2db000 	C:\Windows\System32\GDI32.dll
0x00007ffc6df10000 - 0x00007ffc6e027000 	C:\Windows\System32\gdi32full.dll
0x00007ffc6e150000 - 0x00007ffc6e1ed000 	C:\Windows\System32\msvcp_win.dll
0x00007ffc70400000 - 0x00007ffc7042f000 	C:\Windows\System32\IMM32.DLL
0x00007ffc67f50000 - 0x00007ffc67f5c000 	C:\Users\USER\.jdks\openjdk-23.0.1\bin\vcruntime140_1.dll
0x00007ffc399f0000 - 0x00007ffc39a7e000 	C:\Users\USER\.jdks\openjdk-23.0.1\bin\msvcp140.dll
0x00007ffc25350000 - 0x00007ffc2609f000 	C:\Users\USER\.jdks\openjdk-23.0.1\bin\server\jvm.dll
0x00007ffc6e730000 - 0x00007ffc6e7e1000 	C:\Windows\System32\ADVAPI32.dll
0x00007ffc6f720000 - 0x00007ffc6f7bf000 	C:\Windows\System32\sechost.dll
0x00007ffc702d0000 - 0x00007ffc703f3000 	C:\Windows\System32\RPCRT4.dll
0x00007ffc6ddb0000 - 0x00007ffc6ddd7000 	C:\Windows\System32\bcrypt.dll
0x00007ffc6f580000 - 0x00007ffc6f5eb000 	C:\Windows\System32\WS2_32.dll
0x00007ffc6d340000 - 0x00007ffc6d38b000 	C:\Windows\SYSTEM32\POWRPROF.dll
0x00007ffc4f100000 - 0x00007ffc4f127000 	C:\Windows\SYSTEM32\WINMM.dll
0x00007ffc640c0000 - 0x00007ffc640ca000 	C:\Windows\SYSTEM32\VERSION.dll
0x00007ffc6d1b0000 - 0x00007ffc6d1c2000 	C:\Windows\SYSTEM32\UMPDC.dll
0x00007ffc6c5d0000 - 0x00007ffc6c5e2000 	C:\Windows\SYSTEM32\kernel.appcore.dll
0x00007ffc67f30000 - 0x00007ffc67f3a000 	C:\Users\USER\.jdks\openjdk-23.0.1\bin\jimage.dll
0x00007ffc68ae0000 - 0x00007ffc68cc4000 	C:\Windows\SYSTEM32\DBGHELP.DLL
0x00007ffc4cae0000 - 0x00007ffc4cb14000 	C:\Windows\SYSTEM32\dbgcore.DLL
0x00007ffc6e1f0000 - 0x00007ffc6e272000 	C:\Windows\System32\bcryptPrimitives.dll
0x00007ffc64f70000 - 0x00007ffc64f7f000 	C:\Users\USER\.jdks\openjdk-23.0.1\bin\instrument.dll
0x00007ffc64c70000 - 0x00007ffc64c8e000 	C:\Users\USER\.jdks\openjdk-23.0.1\bin\java.dll
0x00007ffc6f5f0000 - 0x00007ffc6f71b000 	C:\Windows\System32\ole32.dll
0x00007ffc6eae0000 - 0x00007ffc6ee33000 	C:\Windows\System32\combase.dll
0x00007ffc6f9b0000 - 0x00007ffc7011d000 	C:\Windows\System32\SHELL32.dll
0x00007ffc6be10000 - 0x00007ffc6c5b4000 	C:\Windows\SYSTEM32\windows.storage.dll
0x00007ffc6d7e0000 - 0x00007ffc6d80e000 	C:\Windows\SYSTEM32\Wldp.dll
0x00007ffc6f340000 - 0x00007ffc6f40d000 	C:\Windows\System32\OLEAUT32.dll
0x00007ffc6e9b0000 - 0x00007ffc6ea5d000 	C:\Windows\System32\SHCORE.dll
0x00007ffc6f520000 - 0x00007ffc6f575000 	C:\Windows\System32\shlwapi.dll
0x00007ffc6dce0000 - 0x00007ffc6dd04000 	C:\Windows\SYSTEM32\profapi.dll
0x00007ffc2b3d0000 - 0x00007ffc2b4a7000 	C:\Users\USER\.jdks\openjdk-23.0.1\bin\jsvml.dll
0x00007ffc647a0000 - 0x00007ffc647b0000 	C:\Users\USER\.jdks\openjdk-23.0.1\bin\net.dll
0x00007ffc6d540000 - 0x00007ffc6d5aa000 	C:\Windows\system32\mswsock.dll
0x00007ffc64740000 - 0x00007ffc64756000 	C:\Users\USER\.jdks\openjdk-23.0.1\bin\nio.dll
0x00007ffc646e0000 - 0x00007ffc646f7000 	C:\Users\USER\.jdks\openjdk-23.0.1\bin\zip.dll
0x00007ffc5d430000 - 0x00007ffc5d44a000 	C:\Users\USER\AppData\Local\Programs\IntelliJ IDEA Ultimate 2024.3\bin\breakgen64.dll
0x00007ffc6d220000 - 0x00007ffc6d2ea000 	C:\Windows\SYSTEM32\DNSAPI.dll
0x00007ffc6d1d0000 - 0x00007ffc6d20b000 	C:\Windows\SYSTEM32\IPHLPAPI.DLL
0x00007ffc70490000 - 0x00007ffc70498000 	C:\Windows\System32\NSI.dll
0x00007ffc62280000 - 0x00007ffc6228a000 	C:\Windows\System32\rasadhlp.dll
0x00007ffc58090000 - 0x00007ffc58110000 	C:\Windows\System32\fwpuclnt.dll
0x00007ffc646a0000 - 0x00007ffc646aa000 	C:\Users\USER\.jdks\openjdk-23.0.1\bin\management.dll
0x0000014c07820000 - 0x0000014c07823000 	C:\Users\USER\.openjfx\cache\17.0.6\api-ms-win-core-console-l1-1-0.dll
0x0000014c07830000 - 0x0000014c07833000 	C:\Users\USER\.openjfx\cache\17.0.6\api-ms-win-core-console-l1-2-0.dll
0x0000014c07840000 - 0x0000014c07843000 	C:\Users\USER\.openjfx\cache\17.0.6\api-ms-win-core-datetime-l1-1-0.dll
0x0000014c07850000 - 0x0000014c07853000 	C:\Users\USER\.openjfx\cache\17.0.6\api-ms-win-core-debug-l1-1-0.dll
0x0000014c25e70000 - 0x0000014c25e73000 	C:\Users\USER\.openjfx\cache\17.0.6\api-ms-win-core-errorhandling-l1-1-0.dll
0x00007ffc64680000 - 0x00007ffc6468b000 	C:\Users\USER\.jdks\openjdk-23.0.1\bin\management_ext.dll
0x00007ffc6e9a0000 - 0x00007ffc6e9a8000 	C:\Windows\System32\PSAPI.DLL
0x0000014c25e80000 - 0x0000014c25e84000 	C:\Users\USER\.openjfx\cache\17.0.6\api-ms-win-core-file-l1-1-0.dll
0x0000014c25e90000 - 0x0000014c25e93000 	C:\Users\USER\.openjfx\cache\17.0.6\api-ms-win-core-file-l1-2-0.dll
0x0000014c25ea0000 - 0x0000014c25ea3000 	C:\Users\USER\.openjfx\cache\17.0.6\api-ms-win-core-file-l2-1-0.dll
0x0000014c25eb0000 - 0x0000014c25eb3000 	C:\Users\USER\.openjfx\cache\17.0.6\api-ms-win-core-handle-l1-1-0.dll
0x0000014c25ec0000 - 0x0000014c25ec3000 	C:\Users\USER\.openjfx\cache\17.0.6\api-ms-win-core-heap-l1-1-0.dll
0x0000014c25ed0000 - 0x0000014c25ed3000 	C:\Users\USER\.openjfx\cache\17.0.6\api-ms-win-core-interlocked-l1-1-0.dll
0x0000014c25ee0000 - 0x0000014c25ee3000 	C:\Users\USER\.openjfx\cache\17.0.6\api-ms-win-core-libraryloader-l1-1-0.dll
0x0000014c25ef0000 - 0x0000014c25ef3000 	C:\Users\USER\.openjfx\cache\17.0.6\api-ms-win-core-localization-l1-2-0.dll
0x0000014c25f00000 - 0x0000014c25f03000 	C:\Users\USER\.openjfx\cache\17.0.6\api-ms-win-core-memory-l1-1-0.dll
0x0000014c25f10000 - 0x0000014c25f13000 	C:\Users\USER\.openjfx\cache\17.0.6\api-ms-win-core-namedpipe-l1-1-0.dll
0x0000014c25f20000 - 0x0000014c25f23000 	C:\Users\USER\.openjfx\cache\17.0.6\api-ms-win-core-processenvironment-l1-1-0.dll
0x0000014c25f30000 - 0x0000014c25f33000 	C:\Users\USER\.openjfx\cache\17.0.6\api-ms-win-core-processthreads-l1-1-0.dll
0x0000014c25f40000 - 0x0000014c25f43000 	C:\Users\USER\.openjfx\cache\17.0.6\api-ms-win-core-processthreads-l1-1-1.dll
0x0000014c25f50000 - 0x0000014c25f53000 	C:\Users\USER\.openjfx\cache\17.0.6\api-ms-win-core-profile-l1-1-0.dll
0x0000014c25f60000 - 0x0000014c25f63000 	C:\Users\USER\.openjfx\cache\17.0.6\api-ms-win-core-rtlsupport-l1-1-0.dll
0x0000014c25f70000 - 0x0000014c25f73000 	C:\Users\USER\.openjfx\cache\17.0.6\api-ms-win-core-string-l1-1-0.dll
0x0000014c25f80000 - 0x0000014c25f83000 	C:\Users\USER\.openjfx\cache\17.0.6\api-ms-win-core-synch-l1-1-0.dll
0x0000014c25f90000 - 0x0000014c25f93000 	C:\Users\USER\.openjfx\cache\17.0.6\api-ms-win-core-synch-l1-2-0.dll
0x0000014c25fa0000 - 0x0000014c25fa3000 	C:\Users\USER\.openjfx\cache\17.0.6\api-ms-win-core-sysinfo-l1-1-0.dll
0x0000014c25fb0000 - 0x0000014c25fb3000 	C:\Users\USER\.openjfx\cache\17.0.6\api-ms-win-core-timezone-l1-1-0.dll
0x0000014c25fc0000 - 0x0000014c25fc3000 	C:\Users\USER\.openjfx\cache\17.0.6\api-ms-win-core-util-l1-1-0.dll
0x0000014c25fd0000 - 0x0000014c25fd3000 	C:\Users\USER\.openjfx\cache\17.0.6\api-ms-win-crt-conio-l1-1-0.dll
0x0000014c25fe0000 - 0x0000014c25fe4000 	C:\Users\USER\.openjfx\cache\17.0.6\api-ms-win-crt-convert-l1-1-0.dll
0x0000014c25ff0000 - 0x0000014c25ff3000 	C:\Users\USER\.openjfx\cache\17.0.6\api-ms-win-crt-environment-l1-1-0.dll
0x0000014c6cb10000 - 0x0000014c6cb13000 	C:\Users\USER\.openjfx\cache\17.0.6\api-ms-win-crt-filesystem-l1-1-0.dll
0x0000014c6cb20000 - 0x0000014c6cb23000 	C:\Users\USER\.openjfx\cache\17.0.6\api-ms-win-crt-heap-l1-1-0.dll
0x0000014c6cb30000 - 0x0000014c6cb33000 	C:\Users\USER\.openjfx\cache\17.0.6\api-ms-win-crt-locale-l1-1-0.dll
0x0000014c6cb40000 - 0x0000014c6cb45000 	C:\Users\USER\.openjfx\cache\17.0.6\api-ms-win-crt-math-l1-1-0.dll
0x0000014c6cb50000 - 0x0000014c6cb55000 	C:\Users\USER\.openjfx\cache\17.0.6\api-ms-win-crt-multibyte-l1-1-0.dll
0x0000014c6cb60000 - 0x0000014c6cb70000 	C:\Users\USER\.openjfx\cache\17.0.6\api-ms-win-crt-private-l1-1-0.dll
0x0000014c6cb70000 - 0x0000014c6cb73000 	C:\Users\USER\.openjfx\cache\17.0.6\api-ms-win-crt-process-l1-1-0.dll
0x0000014c6cb80000 - 0x0000014c6cb84000 	C:\Users\USER\.openjfx\cache\17.0.6\api-ms-win-crt-runtime-l1-1-0.dll
0x0000014c6cb90000 - 0x0000014c6cb94000 	C:\Users\USER\.openjfx\cache\17.0.6\api-ms-win-crt-stdio-l1-1-0.dll
0x0000014c6cba0000 - 0x0000014c6cba4000 	C:\Users\USER\.openjfx\cache\17.0.6\api-ms-win-crt-string-l1-1-0.dll
0x0000014c6cbb0000 - 0x0000014c6cbb3000 	C:\Users\USER\.openjfx\cache\17.0.6\api-ms-win-crt-time-l1-1-0.dll
0x0000014c6cbc0000 - 0x0000014c6cbc3000 	C:\Users\USER\.openjfx\cache\17.0.6\api-ms-win-crt-utility-l1-1-0.dll
0x00007ffc1f7c0000 - 0x00007ffc1f8bc000 	C:\Users\USER\.openjfx\cache\17.0.6\ucrtbase.dll
0x00007ffc5cd90000 - 0x00007ffc5cdaa000 	C:\Users\USER\.openjfx\cache\17.0.6\vcruntime140.dll
0x00007ffc64660000 - 0x00007ffc6466c000 	C:\Users\USER\.openjfx\cache\17.0.6\vcruntime140_1.dll
0x00007ffc24420000 - 0x00007ffc244ad000 	C:\Users\USER\.openjfx\cache\17.0.6\msvcp140.dll
0x00007ffc64570000 - 0x00007ffc64579000 	C:\Users\USER\.openjfx\cache\17.0.6\msvcp140_1.dll
0x00007ffc2d100000 - 0x00007ffc2d12f000 	C:\Users\USER\.openjfx\cache\17.0.6\msvcp140_2.dll
0x00007ffc2b070000 - 0x00007ffc2b09a000 	C:\Users\USER\.openjfx\cache\17.0.6\prism_d3d.dll
0x00007ffc5fd90000 - 0x00007ffc5ff61000 	C:\Windows\system32\d3d9.dll
0x00007ffc68730000 - 0x00007ffc6875f000 	C:\Windows\SYSTEM32\dwmapi.dll
0x00007ffc68350000 - 0x00007ffc683ee000 	C:\Windows\system32\uxtheme.dll
0x00007ffc1e2b0000 - 0x00007ffc1e413000 	C:\Windows\System32\DriverStore\FileRepository\iigd_dch.inf_amd64_e9b40d45ab4dc6b8\igdumdim64.dll
0x00007ffc06f50000 - 0x00007ffc0a954000 	C:\Windows\System32\DriverStore\FileRepository\iigd_dch.inf_amd64_e9b40d45ab4dc6b8\igd9dxva64.dll
0x00007ffc6ee40000 - 0x00007ffc6f2ae000 	C:\Windows\System32\SETUPAPI.dll
0x00007ffc6e580000 - 0x00007ffc6e5ce000 	C:\Windows\System32\cfgmgr32.dll
0x00007ffc5c4f0000 - 0x00007ffc5c72f000 	C:\Windows\System32\DriverStore\FileRepository\iigd_dch.inf_amd64_e9b40d45ab4dc6b8\igdgmm64.dll
0x00007ffc6d740000 - 0x00007ffc6d758000 	C:\Windows\SYSTEM32\CRYPTSP.dll
0x00007ffc6cdf0000 - 0x00007ffc6ce24000 	C:\Windows\system32\rsaenh.dll
0x00007ffc6dc60000 - 0x00007ffc6dc8e000 	C:\Windows\SYSTEM32\USERENV.dll
0x00007ffc6d730000 - 0x00007ffc6d73c000 	C:\Windows\SYSTEM32\CRYPTBASE.dll
0x00007ffc2af10000 - 0x00007ffc2af52000 	C:\Users\USER\.openjfx\cache\17.0.6\glass.dll
0x00007ffc6e7f0000 - 0x00007ffc6e8ca000 	C:\Windows\System32\COMDLG32.dll
0x00007ffc54bc0000 - 0x00007ffc54bd7000 	C:\Windows\system32\napinsp.dll
0x00007ffc54ba0000 - 0x00007ffc54bbb000 	C:\Windows\system32\pnrpnsp.dll
0x00007ffc678d0000 - 0x00007ffc678e5000 	C:\Windows\system32\wshbth.dll
0x00007ffc660e0000 - 0x00007ffc660fd000 	C:\Windows\system32\NLAapi.dll
0x00007ffc4c2f0000 - 0x00007ffc4c302000 	C:\Windows\System32\winrnr.dll
0x00007ffc6f890000 - 0x00007ffc6f9a5000 	C:\Windows\System32\MSCTF.dll
0x00007ffc55e40000 - 0x00007ffc55e67000 	C:\Windows\System32\DriverStore\FileRepository\iigd_dch.inf_amd64_e9b40d45ab4dc6b8\igdinfo64.dll
0x00007ffc59880000 - 0x00007ffc5c4e2000 	C:\Windows\System32\DriverStore\FileRepository\iigd_dch.inf_amd64_e9b40d45ab4dc6b8\igc64.dll
0x00007ffc609b0000 - 0x00007ffc609eb000 	C:\Windows\SYSTEM32\dxcore.dll

dbghelp: loaded successfully - version: 4.0.5 - missing functions: none
symbol engine: initialized successfully - sym options: 0x614 - pdb path: .;C:\Users\USER\.jdks\openjdk-23.0.1\bin;C:\Windows\SYSTEM32;C:\Windows\WinSxS\amd64_microsoft.windows.common-controls_6595b64144ccf1df_6.0.19041.4355_none_60b8b9eb71f62e16;C:\Users\USER\.jdks\openjdk-23.0.1\bin\server;C:\Users\USER\AppData\Local\Programs\IntelliJ IDEA Ultimate 2024.3\bin;C:\Users\USER\.openjfx\cache\17.0.6;C:\Windows\System32\DriverStore\FileRepository\iigd_dch.inf_amd64_e9b40d45ab4dc6b8;C:\Program Files\Common Files\Microsoft Shared\Ink

VM Arguments:
jvm_args: -javaagent:C:\Users\USER\AppData\Local\Programs\IntelliJ IDEA Ultimate 2024.3\lib\idea_rt.jar=64778:C:\Users\USER\AppData\Local\Programs\IntelliJ IDEA Ultimate 2024.3\bin -Dfile.encoding=UTF-8 -Dsun.stdout.encoding=UTF-8 -Dsun.stderr.encoding=UTF-8 --module-path=C:\Users\USER\.m2\repository\org\kordamp\bootstrapfx\bootstrapfx-core\0.4.0\bootstrapfx-core-0.4.0.jar;C:\Users\USER\Desktop\java project idea\app1 DLO Login page\target\classes;C:\Users\USER\.m2\repository\org\openjfx\javafx-controls\17.0.6\javafx-controls-17.0.6-win.jar;C:\Users\USER\.m2\repository\org\mindrot\jbcrypt\0.4\jbcrypt-0.4.jar;C:\Users\USER\.m2\repository\org\openjfx\javafx-fxml\17.0.6\javafx-fxml-17.0.6-win.jar;C:\Users\USER\.m2\repository\org\openjfx\javafx-graphics\17.0.6\javafx-graphics-17.0.6-win.jar;C:\Users\USER\.m2\repository\org\openjfx\javafx-base\17.0.6\javafx-base-17.0.6-win.jar -Djdk.module.main=com.example.app1 
java_command: com.example.app1/com.example.app1.HelloApplication
java_class_path (initial): C:\Users\USER\.m2\repository\org\openjfx\javafx-controls\17.0.6\javafx-controls-17.0.6.jar;C:\Users\USER\.m2\repository\org\openjfx\javafx-graphics\17.0.6\javafx-graphics-17.0.6.jar;C:\Users\USER\.m2\repository\org\openjfx\javafx-base\17.0.6\javafx-base-17.0.6.jar;C:\Users\USER\.m2\repository\org\openjfx\javafx-fxml\17.0.6\javafx-fxml-17.0.6.jar;C:\Users\USER\Downloads\mysql-connector-java-8.0.11\mysql-connector-java-8.0.11.jar
Launcher Type: SUN_STANDARD

[Global flags]
     intx CICompilerCount                          = 4                                         {product} {ergonomic}
     uint ConcGCThreads                            = 2                                         {product} {ergonomic}
     uint G1ConcRefinementThreads                  = 8                                         {product} {ergonomic}
   size_t G1HeapRegionSize                         = 2097152                                   {product} {ergonomic}
   size_t InitialHeapSize                          = 199229440                                 {product} {ergonomic}
   size_t MarkStackSize                            = 4194304                                   {product} {ergonomic}
   size_t MarkStackSizeMax                         = 536870912                                 {product} {ergonomic}
   size_t MaxHeapSize                              = 3183476736                                {product} {ergonomic}
   size_t MaxNewSize                               = 1908408320                                {product} {ergonomic}
   size_t MinHeapDeltaBytes                        = 2097152                                   {product} {ergonomic}
   size_t MinHeapSize                              = 8388608                                   {product} {ergonomic}
    uintx NonNMethodCodeHeapSize                   = 5832704                                {pd product} {ergonomic}
    uintx NonProfiledCodeHeapSize                  = 122945536                              {pd product} {ergonomic}
    uintx ProfiledCodeHeapSize                     = 122880000                              {pd product} {ergonomic}
    uintx ReservedCodeCacheSize                    = 251658240                              {pd product} {ergonomic}
     bool SegmentedCodeCache                       = true                                      {product} {ergonomic}
   size_t SoftMaxHeapSize                          = 3183476736                             {manageable} {ergonomic}
     bool UseCompressedOops                        = true                           {product lp64_product} {ergonomic}
     bool UseG1GC                                  = true                                      {product} {ergonomic}
     bool UseLargePagesIndividualAllocation        = false                                  {pd product} {ergonomic}

Logging:
Log output configuration:
 #0: stdout all=warning uptime,level,tags foldmultilines=false
 #1: stderr all=off uptime,level,tags foldmultilines=false

Environment Variables:
PATH=C:\Program Files\Common Files\Oracle\Java\javapath;C:\Program Files (x86)\NVIDIA Corporation\PhysX\Common;C:\Windows\system32;C:\Windows;C:\Windows\System32\Wbem;C:\Windows\System32\WindowsPowerShell\v1.0\;C:\Windows\System32\OpenSSH\;C:\Program Files\Intel\WiFi\bin\;C:\Program Files\Common Files\Intel\WirelessCommon\;C:\Program Files\Git\mingw64\bin;C:\Program Files\Git\bin;C:\Program Files\Git\cmd;C:\Program Files\MySQL\MySQL Shell 8.0\bin\;C:\Users\USER\AppData\Local\Microsoft\WindowsApps;C:\Users\USER\AppData\Local\Programs\Microsoft VS Code\bin;C:\MinGW\bin;C:\Program Files\Java\jdk-22\bin;C:\Program Files\JetBrains\IntelliJ IDEA Community Edition 2024.2.3\bin;;C:\Program Files\Git\cmd;C:\Program Files\Git\bin;
USERNAME=USER
OS=Windows_NT
PROCESSOR_IDENTIFIER=Intel64 Family 6 Model 142 Stepping 12, GenuineIntel
TMP=C:\Users\USER\AppData\Local\Temp
TEMP=C:\Users\USER\AppData\Local\Temp




Periodic native trim disabled

---------------  S Y S T E M  ---------------

OS:
 Windows 10 , 64 bit Build 19041 (10.0.19041.5072)
OS uptime: 7 days 13:20 hours

CPU: total 8 (initial active 8) (4 cores per cpu, 2 threads per core) family 6 model 142 stepping 12 microcode 0xde, cx8, cmov, fxsr, ht, mmx, 3dnowpref, sse, sse2, sse3, ssse3, sse4.1, sse4.2, popcnt, lzcnt, tsc, tscinvbit, avx, avx2, aes, erms, clmul, bmi1, bmi2, adx, fma, vzeroupper, clflush, clflushopt, rdtscp, f16c
Processor Information for the first 8 processors :
  Max Mhz: 1800, Current Mhz: 1600, Mhz Limit: 1584

Memory: 4k page, system-wide physical 12139M (559M free)
TotalPageFile size 18283M (AvailPageFile size 5M)
current process WorkingSet (physical memory assigned to process): 179M, peak: 179M
current process commit charge ("private bytes"): 365M, peak: 367M

vm_info: OpenJDK 64-Bit Server VM (23.0.1+11-39) for windows-amd64 JRE (23.0.1+11-39), built on 2024-09-30T07:20:43Z with MS VC++ 17.6 (VS2022)

END.
