#
# There is insufficient memory for the Java Runtime Environment to continue.
# Native memory allocation (malloc) failed to allocate 2014336 bytes. Error detail: Chunk::new
# Possible reasons:
#   The system is out of physical RAM or swap space
#   This process is running with CompressedOops enabled, and the Java Heap may be blocking the growth of the native heap
# Possible solutions:
#   Reduce memory load on the system
#   Increase physical memory or swap space
#   Check if swap backing store is full
#   Decrease Java heap size (-Xmx/-Xms)
#   Decrease number of Java threads
#   Decrease Java thread stack sizes (-Xss)
#   Set larger code cache with -XX:ReservedCodeCacheSize=
#   JVM is running with Zero Based Compressed Oops mode in which the Java heap is
#     placed in the first 32GB address space. The Java Heap base address is the
#     maximum limit for the native heap growth. Please use -XX:HeapBaseMinAddress
#     to set the Java Heap base and to place the Java Heap above 32GB virtual address.
# This output file may be truncated or incomplete.
#
#  Out of Memory Error (arena.cpp:149), pid=1512, tid=13768
#
# JRE version: OpenJDK Runtime Environment (23.0.1+11) (build 23.0.1+11-39)
# Java VM: OpenJDK 64-Bit Server VM (23.0.1+11-39, mixed mode, sharing, tiered, compressed oops, compressed class ptrs, g1 gc, windows-amd64)
# No core dump will be written. Minidumps are not enabled by default on client versions of Windows
#

---------------  S U M M A R Y ------------

Command Line: -javaagent:C:\Users\USER\AppData\Local\Programs\IntelliJ IDEA Ultimate 2024.3\lib\idea_rt.jar=61514:C:\Users\USER\AppData\Local\Programs\IntelliJ IDEA Ultimate 2024.3\bin -Dfile.encoding=UTF-8 -Dsun.stdout.encoding=UTF-8 -Dsun.stderr.encoding=UTF-8 --module-path=C:\Users\USER\.m2\repository\org\openjfx\javafx-base\17.0.6\javafx-base-17.0.6-win.jar;C:\Users\USER\.m2\repository\org\openjfx\javafx-fxml\17.0.6\javafx-fxml-17.0.6-win.jar;C:\Users\USER\.m2\repository\org\mindrot\jbcrypt\0.4\jbcrypt-0.4.jar;C:\Users\USER\.m2\repository\org\openjfx\javafx-graphics\17.0.6\javafx-graphics-17.0.6-win.jar;C:\Users\USER\.m2\repository\org\openjfx\javafx-controls\17.0.6\javafx-controls-17.0.6-win.jar;C:\Users\USER\Desktop\java project idea\app1 DLO Login page\target\classes;C:\Users\USER\.m2\repository\org\kordamp\bootstrapfx\bootstrapfx-core\0.4.0\bootstrapfx-core-0.4.0.jar -Djdk.module.main=com.example.app1 com.example.app1/com.example.app1.HelloApplication

Host: Intel(R) Core(TM) i5-8265U CPU @ 1.60GHz, 8 cores, 11G,  Windows 10 , 64 bit Build 19041 (10.0.19041.5072)
Time: Fri Dec  6 15:02:30 2024 Bangladesh Standard Time elapsed time: 1.604740 seconds (0d 0h 0m 1s)

---------------  T H R E A D  ---------------

Current thread (0x000001e0f8b7e630):  JavaThread "C2 CompilerThread0" daemon [_thread_in_native, id=13768, stack(0x000000927b700000,0x000000927b800000) (1024K)]


Current CompileTask:
C2:1604 2570       4       java.lang.invoke.MethodType::methodType (69 bytes)

Stack: [0x000000927b700000,0x000000927b800000]
Native frames: (J=compiled Java code, j=interpreted, Vv=VM code, C=native code)
V  [jvm.dll+0x6e08b9]  (no source info available)
V  [jvm.dll+0x87dc83]  (no source info available)
V  [jvm.dll+0x88010e]  (no source info available)
V  [jvm.dll+0x8807e3]  (no source info available)
V  [jvm.dll+0x27aee6]  (no source info available)
V  [jvm.dll+0xbc06f]  (no source info available)
V  [jvm.dll+0xbc2cb]  (no source info available)
V  [jvm.dll+0x3b3a9c]  (no source info available)
V  [jvm.dll+0x38a42b]  (no source info available)
V  [jvm.dll+0x38989a]  (no source info available)
V  [jvm.dll+0x244aa1]  (no source info available)
V  [jvm.dll+0x243dff]  (no source info available)
V  [jvm.dll+0x1c33a0]  (no source info available)
V  [jvm.dll+0x253cf1]  (no source info available)
V  [jvm.dll+0x251faa]  (no source info available)
V  [jvm.dll+0x3ee036]  (no source info available)
V  [jvm.dll+0x824f8b]  (no source info available)
V  [jvm.dll+0x6df065]  (no source info available)
C  [ucrtbase.dll+0x21bb2]  (no source info available)
C  [KERNEL32.DLL+0x17374]  (no source info available)
C  [ntdll.dll+0x4cc91]  (no source info available)

Lock stack of current Java thread (top to bottom):


---------------  P R O C E S S  ---------------

Threads class SMR info:
_java_thread_list=0x000001e0d5adfcc0, length=23, elements={
0x000001e0e9a74d10, 0x000001e0f8b62740, 0x000001e0f8b64670, 0x000001e0f8b68ab0,
0x000001e0f8b69510, 0x000001e0f8b71f80, 0x000001e0f8b7ad30, 0x000001e0f8b7e630,
0x000001e0f8b7f0e0, 0x000001e0f8b7a6a0, 0x000001e0d4169060, 0x000001e0f8b785d0,
0x000001e0f8b7b3c0, 0x000001e0f8b79980, 0x000001e0f8b77f40, 0x000001e0f8b78c60,
0x000001e0f8b792f0, 0x000001e0f8b7a010, 0x000001e0d4f96c50, 0x000001e0d4f993b0,
0x000001e0d4f95210, 0x000001e0d4f97970, 0x000001e0d4f98690
}

Java Threads: ( => current thread )
  0x000001e0e9a74d10 JavaThread "main"                              [_thread_blocked, id=19984, stack(0x000000927a900000,0x000000927aa00000) (1024K)]
  0x000001e0f8b62740 JavaThread "Reference Handler"          daemon [_thread_blocked, id=19568, stack(0x000000927b100000,0x000000927b200000) (1024K)]
  0x000001e0f8b64670 JavaThread "Finalizer"                  daemon [_thread_blocked, id=1824, stack(0x000000927b200000,0x000000927b300000) (1024K)]
  0x000001e0f8b68ab0 JavaThread "Signal Dispatcher"          daemon [_thread_blocked, id=1544, stack(0x000000927b300000,0x000000927b400000) (1024K)]
  0x000001e0f8b69510 JavaThread "Attach Listener"            daemon [_thread_blocked, id=10460, stack(0x000000927b400000,0x000000927b500000) (1024K)]
  0x000001e0f8b71f80 JavaThread "Service Thread"             daemon [_thread_blocked, id=14668, stack(0x000000927b500000,0x000000927b600000) (1024K)]
  0x000001e0f8b7ad30 JavaThread "Monitor Deflation Thread"   daemon [_thread_blocked, id=18824, stack(0x000000927b600000,0x000000927b700000) (1024K)]
=>0x000001e0f8b7e630 JavaThread "C2 CompilerThread0"         daemon [_thread_in_native, id=13768, stack(0x000000927b700000,0x000000927b800000) (1024K)]
  0x000001e0f8b7f0e0 JavaThread "C1 CompilerThread0"         daemon [_thread_blocked, id=17160, stack(0x000000927b800000,0x000000927b900000) (1024K)]
  0x000001e0f8b7a6a0 JavaThread "Common-Cleaner"             daemon [_thread_blocked, id=8388, stack(0x000000927b900000,0x000000927ba00000) (1024K)]
  0x000001e0d4169060 JavaThread "C2 CompilerThread1"         daemon [_thread_blocked, id=16524, stack(0x000000927ba00000,0x000000927bb00000) (1024K)]
  0x000001e0f8b785d0 JavaThread "Monitor Ctrl-Break"         daemon [_thread_in_native, id=10944, stack(0x000000927bb00000,0x000000927bc00000) (1024K)]
  0x000001e0f8b7b3c0 JavaThread "Notification Thread"        daemon [_thread_blocked, id=20288, stack(0x000000927bc00000,0x000000927bd00000) (1024K)]
  0x000001e0f8b79980 JavaThread "QuantumRenderer-0"          daemon [_thread_blocked, id=11660, stack(0x000000927bd00000,0x000000927be00000) (1024K)]
  0x000001e0f8b77f40 JavaThread "InvokeLaterDispatcher"      daemon [_thread_blocked, id=2684, stack(0x000000927c600000,0x000000927c700000) (1024K)]
  0x000001e0f8b78c60 JavaThread "JavaFX Application Thread"         [_thread_in_native, id=16856, stack(0x000000927be00000,0x000000927bf00000) (1024K)]
  0x000001e0f8b792f0 JavaThread "RMI TCP Accept-0"           daemon [_thread_in_native, id=10860, stack(0x000000927c800000,0x000000927c900000) (1024K)]
  0x000001e0f8b7a010 JavaThread "RMI TCP Connection(1)-192.168.102.130" daemon [_thread_in_native, id=17940, stack(0x000000927cb00000,0x000000927cc00000) (1024K)]
  0x000001e0d4f96c50 JavaThread "RMI Scheduler(0)"           daemon [_thread_blocked, id=7300, stack(0x000000927cd00000,0x000000927ce00000) (1024K)]
  0x000001e0d4f993b0 JavaThread "JavaFX-Launcher"                   [_thread_blocked, id=14924, stack(0x000000927ce00000,0x000000927cf00000) (1024K)]
  0x000001e0d4f95210 JavaThread "JMX server connection timeout 38" daemon [_thread_blocked, id=17424, stack(0x000000927cf00000,0x000000927d000000) (1024K)]
  0x000001e0d4f97970 JavaThread "Thread-2"                   daemon [_thread_in_native, id=14692, stack(0x000000927cc00000,0x000000927cd00000) (1024K)]
  0x000001e0d4f98690 JavaThread "Prism Font Disposer"        daemon [_thread_blocked, id=11124, stack(0x000000927d300000,0x000000927d400000) (1024K)]
Total: 23

Other Threads:
  0x000001e0f8b4c760 VMThread "VM Thread"                           [id=3384, stack(0x000000927b000000,0x000000927b100000) (1024K)]
  0x000001e0f8b365d0 WatcherThread "VM Periodic Task Thread"        [id=13616, stack(0x000000927af00000,0x000000927b000000) (1024K)]
  0x000001e0e9aca0c0 WorkerThread "GC Thread#0"                     [id=17552, stack(0x000000927aa00000,0x000000927ab00000) (1024K)]
  0x000001e0d4d7f9a0 WorkerThread "GC Thread#1"                     [id=3836, stack(0x000000927bf00000,0x000000927c000000) (1024K)]
  0x000001e0d4ef2390 WorkerThread "GC Thread#2"                     [id=16272, stack(0x000000927c000000,0x000000927c100000) (1024K)]
  0x000001e0d4e13f20 WorkerThread "GC Thread#3"                     [id=16252, stack(0x000000927c100000,0x000000927c200000) (1024K)]
  0x000001e0d4ffff00 WorkerThread "GC Thread#4"                     [id=4444, stack(0x000000927c200000,0x000000927c300000) (1024K)]
  0x000001e0d50002b0 WorkerThread "GC Thread#5"                     [id=11936, stack(0x000000927c300000,0x000000927c400000) (1024K)]
  0x000001e0d5001cd0 WorkerThread "GC Thread#6"                     [id=10012, stack(0x000000927c400000,0x000000927c500000) (1024K)]
  0x000001e0d5001920 WorkerThread "GC Thread#7"                     [id=6408, stack(0x000000927c500000,0x000000927c600000) (1024K)]
  0x000001e0e794cf30 ConcurrentGCThread "G1 Main Marker"            [id=19852, stack(0x000000927ab00000,0x000000927ac00000) (1024K)]
  0x000001e0e794e1e0 WorkerThread "G1 Conc#0"                       [id=19672, stack(0x000000927ac00000,0x000000927ad00000) (1024K)]
  0x000001e0f8a0bda0 ConcurrentGCThread "G1 Refine#0"               [id=272, stack(0x000000927ad00000,0x000000927ae00000) (1024K)]
  0x000001e0f8a0d740 ConcurrentGCThread "G1 Service"                [id=18928, stack(0x000000927ae00000,0x000000927af00000) (1024K)]
Total: 14

Threads with active compile tasks:
C2 CompilerThread0  1678 2570       4       java.lang.invoke.MethodType::methodType (69 bytes)
Total: 1

VM state: not at safepoint (normal execution)

VM Mutex/Monitor currently owned by a thread: None

Heap address: 0x0000000742400000, size: 3036 MB, Compressed Oops mode: Zero based, Oop shift amount: 3

CDS archive(s) mapped at: [0x000001e08f000000-0x000001e08fd70000-0x000001e08fd70000), size 14090240, SharedBaseAddress: 0x000001e08f000000, ArchiveRelocationMode: 1.
Compressed class space mapped at: 0x000001e090000000-0x000001e0d0000000, reserved size: 1073741824
Narrow klass base: 0x000001e08f000000, Narrow klass shift: 0, Narrow klass range: 0x41000000

GC Precious Log:
 CardTable entry size: 512
 Card Set container configuration: InlinePtr #cards 4 size 8 Array Of Cards #cards 16 size 48 Howl #buckets 8 coarsen threshold 3686 Howl Bitmap #cards 512 size 80 coarsen threshold 460 Card regions per heap region 1 cards per card region 4096
 CPUs: 8 total, 8 available
 Memory: 12139M
 Large Page Support: Disabled
 NUMA Support: Disabled
 Compressed Oops: Enabled (Zero based)
 Heap Region Size: 2M
 Heap Min Capacity: 8M
 Heap Initial Capacity: 190M
 Heap Max Capacity: 3036M
 Pre-touch: Disabled
 Parallel Workers: 8
 Concurrent Workers: 2
 Concurrent Refinement Workers: 8
 Periodic GC: Disabled

Heap:
 garbage-first heap   total reserved 3108864K, committed 194560K, used 43313K [0x0000000742400000, 0x0000000800000000)
  region size 2048K, 18 young (36864K), 2 survivors (4096K)
 Metaspace       used 19401K, committed 19776K, reserved 1114112K
  class space    used 2842K, committed 3008K, reserved 1048576K

Heap Regions: E=young(eden), S=young(survivor), O=old, HS=humongous(starts), HC=humongous(continues), CS=collection set, F=free, TAMS=top-at-mark-start, PB=parsable bottom
|   0|0x0000000742400000, 0x0000000742600000, 0x0000000742600000|100%| O|  |TAMS 0x0000000742400000| PB 0x0000000742400000| Untracked |  0
|   1|0x0000000742600000, 0x00000007427fa568, 0x0000000742800000| 98%| O|  |TAMS 0x0000000742600000| PB 0x0000000742600000| Untracked |  0
|   2|0x0000000742800000, 0x0000000742a00000, 0x0000000742a00000|100%|HS|  |TAMS 0x0000000742800000| PB 0x0000000742800000| Complete |  0
|   3|0x0000000742a00000, 0x0000000742c00000, 0x0000000742c00000|100%|HC|  |TAMS 0x0000000742a00000| PB 0x0000000742a00000| Complete |  0
|   4|0x0000000742c00000, 0x0000000742e00000, 0x0000000742e00000|100%|HC|  |TAMS 0x0000000742c00000| PB 0x0000000742c00000| Complete |  0
|   5|0x0000000742e00000, 0x0000000742e00000, 0x0000000743000000|  0%| F|  |TAMS 0x0000000742e00000| PB 0x0000000742e00000| Untracked |  0
|   6|0x0000000743000000, 0x0000000743000000, 0x0000000743200000|  0%| F|  |TAMS 0x0000000743000000| PB 0x0000000743000000| Untracked |  0
|   7|0x0000000743200000, 0x0000000743200000, 0x0000000743400000|  0%| F|  |TAMS 0x0000000743200000| PB 0x0000000743200000| Untracked |  0
|   8|0x0000000743400000, 0x0000000743400000, 0x0000000743600000|  0%| F|  |TAMS 0x0000000743400000| PB 0x0000000743400000| Untracked |  0
|   9|0x0000000743600000, 0x0000000743600000, 0x0000000743800000|  0%| F|  |TAMS 0x0000000743600000| PB 0x0000000743600000| Untracked |  0
|  10|0x0000000743800000, 0x0000000743800000, 0x0000000743a00000|  0%| F|  |TAMS 0x0000000743800000| PB 0x0000000743800000| Untracked |  0
|  11|0x0000000743a00000, 0x0000000743a00000, 0x0000000743c00000|  0%| F|  |TAMS 0x0000000743a00000| PB 0x0000000743a00000| Untracked |  0
|  12|0x0000000743c00000, 0x0000000743c00000, 0x0000000743e00000|  0%| F|  |TAMS 0x0000000743c00000| PB 0x0000000743c00000| Untracked |  0
|  13|0x0000000743e00000, 0x0000000743e00000, 0x0000000744000000|  0%| F|  |TAMS 0x0000000743e00000| PB 0x0000000743e00000| Untracked |  0
|  14|0x0000000744000000, 0x0000000744000000, 0x0000000744200000|  0%| F|  |TAMS 0x0000000744000000| PB 0x0000000744000000| Untracked |  0
|  15|0x0000000744200000, 0x0000000744200000, 0x0000000744400000|  0%| F|  |TAMS 0x0000000744200000| PB 0x0000000744200000| Untracked |  0
|  16|0x0000000744400000, 0x0000000744400000, 0x0000000744600000|  0%| F|  |TAMS 0x0000000744400000| PB 0x0000000744400000| Untracked |  0
|  17|0x0000000744600000, 0x0000000744600000, 0x0000000744800000|  0%| F|  |TAMS 0x0000000744600000| PB 0x0000000744600000| Untracked |  0
|  18|0x0000000744800000, 0x0000000744800000, 0x0000000744a00000|  0%| F|  |TAMS 0x0000000744800000| PB 0x0000000744800000| Untracked |  0
|  19|0x0000000744a00000, 0x0000000744a00000, 0x0000000744c00000|  0%| F|  |TAMS 0x0000000744a00000| PB 0x0000000744a00000| Untracked |  0
|  20|0x0000000744c00000, 0x0000000744c00000, 0x0000000744e00000|  0%| F|  |TAMS 0x0000000744c00000| PB 0x0000000744c00000| Untracked |  0
|  21|0x0000000744e00000, 0x0000000744e00000, 0x0000000745000000|  0%| F|  |TAMS 0x0000000744e00000| PB 0x0000000744e00000| Untracked |  0
|  22|0x0000000745000000, 0x0000000745000000, 0x0000000745200000|  0%| F|  |TAMS 0x0000000745000000| PB 0x0000000745000000| Untracked |  0
|  23|0x0000000745200000, 0x0000000745200000, 0x0000000745400000|  0%| F|  |TAMS 0x0000000745200000| PB 0x0000000745200000| Untracked |  0
|  24|0x0000000745400000, 0x0000000745400000, 0x0000000745600000|  0%| F|  |TAMS 0x0000000745400000| PB 0x0000000745400000| Untracked |  0
|  25|0x0000000745600000, 0x0000000745600000, 0x0000000745800000|  0%| F|  |TAMS 0x0000000745600000| PB 0x0000000745600000| Untracked |  0
|  26|0x0000000745800000, 0x0000000745800000, 0x0000000745a00000|  0%| F|  |TAMS 0x0000000745800000| PB 0x0000000745800000| Untracked |  0
|  27|0x0000000745a00000, 0x0000000745a00000, 0x0000000745c00000|  0%| F|  |TAMS 0x0000000745a00000| PB 0x0000000745a00000| Untracked |  0
|  28|0x0000000745c00000, 0x0000000745c00000, 0x0000000745e00000|  0%| F|  |TAMS 0x0000000745c00000| PB 0x0000000745c00000| Untracked |  0
|  29|0x0000000745e00000, 0x0000000745e00000, 0x0000000746000000|  0%| F|  |TAMS 0x0000000745e00000| PB 0x0000000745e00000| Untracked |  0
|  30|0x0000000746000000, 0x0000000746000000, 0x0000000746200000|  0%| F|  |TAMS 0x0000000746000000| PB 0x0000000746000000| Untracked |  0
|  31|0x0000000746200000, 0x0000000746200000, 0x0000000746400000|  0%| F|  |TAMS 0x0000000746200000| PB 0x0000000746200000| Untracked |  0
|  32|0x0000000746400000, 0x0000000746400000, 0x0000000746600000|  0%| F|  |TAMS 0x0000000746400000| PB 0x0000000746400000| Untracked |  0
|  33|0x0000000746600000, 0x0000000746600000, 0x0000000746800000|  0%| F|  |TAMS 0x0000000746600000| PB 0x0000000746600000| Untracked |  0
|  34|0x0000000746800000, 0x0000000746800000, 0x0000000746a00000|  0%| F|  |TAMS 0x0000000746800000| PB 0x0000000746800000| Untracked |  0
|  35|0x0000000746a00000, 0x0000000746a00000, 0x0000000746c00000|  0%| F|  |TAMS 0x0000000746a00000| PB 0x0000000746a00000| Untracked |  0
|  36|0x0000000746c00000, 0x0000000746c00000, 0x0000000746e00000|  0%| F|  |TAMS 0x0000000746c00000| PB 0x0000000746c00000| Untracked |  0
|  37|0x0000000746e00000, 0x0000000746e00000, 0x0000000747000000|  0%| F|  |TAMS 0x0000000746e00000| PB 0x0000000746e00000| Untracked |  0
|  38|0x0000000747000000, 0x0000000747000000, 0x0000000747200000|  0%| F|  |TAMS 0x0000000747000000| PB 0x0000000747000000| Untracked |  0
|  39|0x0000000747200000, 0x0000000747200000, 0x0000000747400000|  0%| F|  |TAMS 0x0000000747200000| PB 0x0000000747200000| Untracked |  0
|  40|0x0000000747400000, 0x0000000747400000, 0x0000000747600000|  0%| F|  |TAMS 0x0000000747400000| PB 0x0000000747400000| Untracked |  0
|  41|0x0000000747600000, 0x0000000747600000, 0x0000000747800000|  0%| F|  |TAMS 0x0000000747600000| PB 0x0000000747600000| Untracked |  0
|  42|0x0000000747800000, 0x0000000747800000, 0x0000000747a00000|  0%| F|  |TAMS 0x0000000747800000| PB 0x0000000747800000| Untracked |  0
|  43|0x0000000747a00000, 0x0000000747a00000, 0x0000000747c00000|  0%| F|  |TAMS 0x0000000747a00000| PB 0x0000000747a00000| Untracked |  0
|  44|0x0000000747c00000, 0x0000000747c00000, 0x0000000747e00000|  0%| F|  |TAMS 0x0000000747c00000| PB 0x0000000747c00000| Untracked |  0
|  45|0x0000000747e00000, 0x0000000747e00000, 0x0000000748000000|  0%| F|  |TAMS 0x0000000747e00000| PB 0x0000000747e00000| Untracked |  0
|  46|0x0000000748000000, 0x0000000748000000, 0x0000000748200000|  0%| F|  |TAMS 0x0000000748000000| PB 0x0000000748000000| Untracked |  0
|  47|0x0000000748200000, 0x0000000748200000, 0x0000000748400000|  0%| F|  |TAMS 0x0000000748200000| PB 0x0000000748200000| Untracked |  0
|  48|0x0000000748400000, 0x0000000748400000, 0x0000000748600000|  0%| F|  |TAMS 0x0000000748400000| PB 0x0000000748400000| Untracked |  0
|  49|0x0000000748600000, 0x0000000748600000, 0x0000000748800000|  0%| F|  |TAMS 0x0000000748600000| PB 0x0000000748600000| Untracked |  0
|  50|0x0000000748800000, 0x0000000748800000, 0x0000000748a00000|  0%| F|  |TAMS 0x0000000748800000| PB 0x0000000748800000| Untracked |  0
|  51|0x0000000748a00000, 0x0000000748a00000, 0x0000000748c00000|  0%| F|  |TAMS 0x0000000748a00000| PB 0x0000000748a00000| Untracked |  0
|  52|0x0000000748c00000, 0x0000000748c00000, 0x0000000748e00000|  0%| F|  |TAMS 0x0000000748c00000| PB 0x0000000748c00000| Untracked |  0
|  53|0x0000000748e00000, 0x0000000748e00000, 0x0000000749000000|  0%| F|  |TAMS 0x0000000748e00000| PB 0x0000000748e00000| Untracked |  0
|  54|0x0000000749000000, 0x0000000749000000, 0x0000000749200000|  0%| F|  |TAMS 0x0000000749000000| PB 0x0000000749000000| Untracked |  0
|  55|0x0000000749200000, 0x0000000749200000, 0x0000000749400000|  0%| F|  |TAMS 0x0000000749200000| PB 0x0000000749200000| Untracked |  0
|  56|0x0000000749400000, 0x0000000749400000, 0x0000000749600000|  0%| F|  |TAMS 0x0000000749400000| PB 0x0000000749400000| Untracked |  0
|  57|0x0000000749600000, 0x0000000749600000, 0x0000000749800000|  0%| F|  |TAMS 0x0000000749600000| PB 0x0000000749600000| Untracked |  0
|  58|0x0000000749800000, 0x0000000749800000, 0x0000000749a00000|  0%| F|  |TAMS 0x0000000749800000| PB 0x0000000749800000| Untracked |  0
|  59|0x0000000749a00000, 0x0000000749a00000, 0x0000000749c00000|  0%| F|  |TAMS 0x0000000749a00000| PB 0x0000000749a00000| Untracked |  0
|  60|0x0000000749c00000, 0x0000000749c00000, 0x0000000749e00000|  0%| F|  |TAMS 0x0000000749c00000| PB 0x0000000749c00000| Untracked |  0
|  61|0x0000000749e00000, 0x0000000749e00000, 0x000000074a000000|  0%| F|  |TAMS 0x0000000749e00000| PB 0x0000000749e00000| Untracked |  0
|  62|0x000000074a000000, 0x000000074a000000, 0x000000074a200000|  0%| F|  |TAMS 0x000000074a000000| PB 0x000000074a000000| Untracked |  0
|  63|0x000000074a200000, 0x000000074a200000, 0x000000074a400000|  0%| F|  |TAMS 0x000000074a200000| PB 0x000000074a200000| Untracked |  0
|  64|0x000000074a400000, 0x000000074a400000, 0x000000074a600000|  0%| F|  |TAMS 0x000000074a400000| PB 0x000000074a400000| Untracked |  0
|  65|0x000000074a600000, 0x000000074a600000, 0x000000074a800000|  0%| F|  |TAMS 0x000000074a600000| PB 0x000000074a600000| Untracked |  0
|  66|0x000000074a800000, 0x000000074a800000, 0x000000074aa00000|  0%| F|  |TAMS 0x000000074a800000| PB 0x000000074a800000| Untracked |  0
|  67|0x000000074aa00000, 0x000000074aa00000, 0x000000074ac00000|  0%| F|  |TAMS 0x000000074aa00000| PB 0x000000074aa00000| Untracked |  0
|  68|0x000000074ac00000, 0x000000074ac00000, 0x000000074ae00000|  0%| F|  |TAMS 0x000000074ac00000| PB 0x000000074ac00000| Untracked |  0
|  69|0x000000074ae00000, 0x000000074ae00000, 0x000000074b000000|  0%| F|  |TAMS 0x000000074ae00000| PB 0x000000074ae00000| Untracked |  0
|  70|0x000000074b000000, 0x000000074b000000, 0x000000074b200000|  0%| F|  |TAMS 0x000000074b000000| PB 0x000000074b000000| Untracked |  0
|  71|0x000000074b200000, 0x000000074b200000, 0x000000074b400000|  0%| F|  |TAMS 0x000000074b200000| PB 0x000000074b200000| Untracked |  0
|  72|0x000000074b400000, 0x000000074b400000, 0x000000074b600000|  0%| F|  |TAMS 0x000000074b400000| PB 0x000000074b400000| Untracked |  0
|  73|0x000000074b600000, 0x000000074b600000, 0x000000074b800000|  0%| F|  |TAMS 0x000000074b600000| PB 0x000000074b600000| Untracked |  0
|  74|0x000000074b800000, 0x000000074b800000, 0x000000074ba00000|  0%| F|  |TAMS 0x000000074b800000| PB 0x000000074b800000| Untracked |  0
|  75|0x000000074ba00000, 0x000000074ba00000, 0x000000074bc00000|  0%| F|  |TAMS 0x000000074ba00000| PB 0x000000074ba00000| Untracked |  0
|  76|0x000000074bc00000, 0x000000074bc00000, 0x000000074be00000|  0%| F|  |TAMS 0x000000074bc00000| PB 0x000000074bc00000| Untracked |  0
|  77|0x000000074be00000, 0x000000074bf6a870, 0x000000074c000000| 70%| E|  |TAMS 0x000000074be00000| PB 0x000000074be00000| Complete |  0
|  78|0x000000074c000000, 0x000000074c200000, 0x000000074c200000|100%| E|CS|TAMS 0x000000074c000000| PB 0x000000074c000000| Complete |  0
|  79|0x000000074c200000, 0x000000074c400000, 0x000000074c400000|100%| E|CS|TAMS 0x000000074c200000| PB 0x000000074c200000| Complete |  0
|  80|0x000000074c400000, 0x000000074c452050, 0x000000074c600000| 16%| S|CS|TAMS 0x000000074c400000| PB 0x000000074c400000| Complete |  0
|  81|0x000000074c600000, 0x000000074c800000, 0x000000074c800000|100%| E|CS|TAMS 0x000000074c600000| PB 0x000000074c600000| Complete |  0
|  82|0x000000074c800000, 0x000000074ca00000, 0x000000074ca00000|100%| E|CS|TAMS 0x000000074c800000| PB 0x000000074c800000| Complete |  0
|  83|0x000000074ca00000, 0x000000074cc00000, 0x000000074cc00000|100%| S|CS|TAMS 0x000000074ca00000| PB 0x000000074ca00000| Complete |  0
|  84|0x000000074cc00000, 0x000000074ce00000, 0x000000074ce00000|100%| E|CS|TAMS 0x000000074cc00000| PB 0x000000074cc00000| Complete |  0
|  85|0x000000074ce00000, 0x000000074d000000, 0x000000074d000000|100%| E|CS|TAMS 0x000000074ce00000| PB 0x000000074ce00000| Complete |  0
|  86|0x000000074d000000, 0x000000074d200000, 0x000000074d200000|100%| E|CS|TAMS 0x000000074d000000| PB 0x000000074d000000| Complete |  0
|  87|0x000000074d200000, 0x000000074d400000, 0x000000074d400000|100%| E|CS|TAMS 0x000000074d200000| PB 0x000000074d200000| Complete |  0
|  88|0x000000074d400000, 0x000000074d600000, 0x000000074d600000|100%| E|CS|TAMS 0x000000074d400000| PB 0x000000074d400000| Complete |  0
|  89|0x000000074d600000, 0x000000074d800000, 0x000000074d800000|100%| E|CS|TAMS 0x000000074d600000| PB 0x000000074d600000| Complete |  0
|  90|0x000000074d800000, 0x000000074da00000, 0x000000074da00000|100%| E|CS|TAMS 0x000000074d800000| PB 0x000000074d800000| Complete |  0
|  91|0x000000074da00000, 0x000000074dc00000, 0x000000074dc00000|100%| E|CS|TAMS 0x000000074da00000| PB 0x000000074da00000| Complete |  0
|  92|0x000000074dc00000, 0x000000074de00000, 0x000000074de00000|100%| E|CS|TAMS 0x000000074dc00000| PB 0x000000074dc00000| Complete |  0
|  93|0x000000074de00000, 0x000000074e000000, 0x000000074e000000|100%| E|CS|TAMS 0x000000074de00000| PB 0x000000074de00000| Complete |  0
|  94|0x000000074e000000, 0x000000074e200000, 0x000000074e200000|100%| E|CS|TAMS 0x000000074e000000| PB 0x000000074e000000| Complete |  0

Card table byte_map: [0x000001e0f2be0000,0x000001e0f31d0000] _byte_map_base: 0x000001e0ef1ce000

Marking Bits: (CMBitMap*) 0x000001e0e9aca7d0
 Bits: [0x000001e0f31d0000, 0x000001e0f6140000)

Polling page: 0x000001e0e7840000

Metaspace:

Usage:
  Non-class:     16.17 MB used.
      Class:      2.78 MB used.
       Both:     18.95 MB used.

Virtual space:
  Non-class space:       64.00 MB reserved,      16.38 MB ( 26%) committed,  1 nodes.
      Class space:        1.00 GB reserved,       2.94 MB ( <1%) committed,  1 nodes.
             Both:        1.06 GB reserved,      19.31 MB (  2%) committed. 

Chunk freelists:
   Non-Class:  15.44 MB
       Class:  13.09 MB
        Both:  28.53 MB

MaxMetaspaceSize: unlimited
CompressedClassSpaceSize: 1.00 GB
Initial GC threshold: 21.00 MB
Current GC threshold: 21.00 MB
CDS: on
 - commit_granule_bytes: 65536.
 - commit_granule_words: 8192.
 - virtual_space_node_default_size: 8388608.
 - enlarge_chunks_in_place: 1.
 - use_allocation_guard: 0.


Internal statistics:

num_allocs_failed_limit: 0.
num_arena_births: 472.
num_arena_deaths: 0.
num_vsnodes_births: 2.
num_vsnodes_deaths: 0.
num_space_committed: 309.
num_space_uncommitted: 0.
num_chunks_returned_to_freelist: 0.
num_chunks_taken_from_freelist: 1017.
num_chunk_merges: 0.
num_chunk_splits: 639.
num_chunks_enlarged: 404.
num_inconsistent_stats: 0.

CodeHeap 'non-profiled nmethods': size=120064Kb used=909Kb max_used=909Kb free=119154Kb
 bounds [0x000001e087ac0000, 0x000001e087d30000, 0x000001e08f000000]
CodeHeap 'profiled nmethods': size=120000Kb used=3539Kb max_used=3539Kb free=116460Kb
 bounds [0x000001e080000000, 0x000001e080380000, 0x000001e087530000]
CodeHeap 'non-nmethods': size=5696Kb used=1753Kb max_used=1831Kb free=3942Kb
 bounds [0x000001e087530000, 0x000001e0877a0000, 0x000001e087ac0000]
CodeCache: size=245760Kb, used=6201Kb, max_used=6279Kb, free=239556Kb
 total_blobs=3433, nmethods=2631, adapters=707, full_count=0
Compilation: enabled, stopped_count=0, restarted_count=0

Compilation events (20 events):
Event: 1.512 Thread 0x000001e0f8b7f0e0 nmethod 2623 0x000001e080370808 code [0x000001e0803709c0, 0x000001e0803711b0]
Event: 1.515 Thread 0x000001e0f8b7f0e0 2624       3       java.lang.Module::canRead (86 bytes)
Event: 1.517 Thread 0x000001e0f8b7f0e0 nmethod 2624 0x000001e080371208 code [0x000001e080371560, 0x000001e080372f88]
Event: 1.525 Thread 0x000001e0f8b7f0e0 2628       3       java.util.concurrent.locks.ReentrantLock::<init> (16 bytes)
Event: 1.525 Thread 0x000001e0f8b7f0e0 nmethod 2628 0x000001e080373008 code [0x000001e080373160, 0x000001e080373560]
Event: 1.525 Thread 0x000001e0f8b7f0e0 2630       3       javafx.scene.Node::getLayoutBounds (11 bytes)
Event: 1.525 Thread 0x000001e0f8b7f0e0 nmethod 2630 0x000001e080373608 code [0x000001e080373740, 0x000001e080373b90]
Event: 1.525 Thread 0x000001e0f8b7f0e0 2631       3       javafx.beans.property.DoublePropertyBase::set (77 bytes)
Event: 1.526 Thread 0x000001e0f8b7f0e0 nmethod 2631 0x000001e080373c08 code [0x000001e080373e00, 0x000001e080374888]
Event: 1.526 Thread 0x000001e0f8b7f0e0 2629       3       java.util.concurrent.locks.ReentrantLock$NonfairSync::<init> (5 bytes)
Event: 1.526 Thread 0x000001e0f8b7f0e0 nmethod 2629 0x000001e080374908 code [0x000001e080374a40, 0x000001e080374cc0]
Event: 1.536 Thread 0x000001e0d4169060 nmethod 2195 0x000001e087b98c08 code [0x000001e087b99740, 0x000001e087ba2150]
Event: 1.537 Thread 0x000001e0d4169060 2571       4       jdk.internal.org.objectweb.asm.ByteVector::put122 (93 bytes)
Event: 1.539 Thread 0x000001e0d4169060 nmethod 2571 0x000001e087ba2488 code [0x000001e087ba25a0, 0x000001e087ba27c0]
Event: 1.539 Thread 0x000001e0d4169060 2626       4       jdk.internal.org.objectweb.asm.MethodWriter::visitEnd (1 bytes)
Event: 1.539 Thread 0x000001e0d4169060 nmethod 2626 0x000001e087ba2808 code [0x000001e087ba2900, 0x000001e087ba2978]
Event: 1.539 Thread 0x000001e0d4169060 2599       4       com.sun.javafx.font.FontFileReader$Buffer::getChar (45 bytes)
Event: 1.539 Thread 0x000001e0d4169060 nmethod 2599 0x000001e087ba2b08 code [0x000001e087ba2c00, 0x000001e087ba2d08]
Event: 1.539 Thread 0x000001e0d4169060 2572       4       jdk.internal.org.objectweb.asm.MethodWriter::visitCode (1 bytes)
Event: 1.540 Thread 0x000001e0d4169060 nmethod 2572 0x000001e087ba2e08 code [0x000001e087ba2f00, 0x000001e087ba2f78]

GC Heap History (4 events):
Event: 0.594 GC heap before
{Heap before GC invocations=0 (full 0):
 garbage-first heap   total reserved 3108864K, committed 194560K, used 22528K [0x0000000742400000, 0x0000000800000000)
  region size 2048K, 12 young (24576K), 0 survivors (0K)
 Metaspace       used 6581K, committed 6784K, reserved 1114112K
  class space    used 763K, committed 896K, reserved 1048576K
}
Event: 0.599 GC heap after
{Heap after GC invocations=1 (full 0):
 garbage-first heap   total reserved 3108864K, committed 194560K, used 4096K [0x0000000742400000, 0x0000000800000000)
  region size 2048K, 2 young (4096K), 2 survivors (4096K)
 Metaspace       used 6581K, committed 6784K, reserved 1114112K
  class space    used 763K, committed 896K, reserved 1048576K
}
Event: 0.943 GC heap before
{Heap before GC invocations=1 (full 0):
 garbage-first heap   total reserved 3108864K, committed 194560K, used 24576K [0x0000000742400000, 0x0000000800000000)
  region size 2048K, 13 young (26624K), 2 survivors (4096K)
 Metaspace       used 13825K, committed 14208K, reserved 1114112K
  class space    used 1772K, committed 1984K, reserved 1048576K
}
Event: 0.949 GC heap after
{Heap after GC invocations=2 (full 0):
 garbage-first heap   total reserved 3108864K, committed 194560K, used 6449K [0x0000000742400000, 0x0000000800000000)
  region size 2048K, 2 young (4096K), 2 survivors (4096K)
 Metaspace       used 13825K, committed 14208K, reserved 1114112K
  class space    used 1772K, committed 1984K, reserved 1048576K
}

Dll operation events (20 events):
Event: 0.432 Loaded shared library C:\Users\USER\.openjfx\cache\17.0.6\api-ms-win-crt-heap-l1-1-0.dll
Event: 0.435 Loaded shared library C:\Users\USER\.openjfx\cache\17.0.6\api-ms-win-crt-locale-l1-1-0.dll
Event: 0.438 Loaded shared library C:\Users\USER\.openjfx\cache\17.0.6\api-ms-win-crt-math-l1-1-0.dll
Event: 0.441 Loaded shared library C:\Users\USER\.openjfx\cache\17.0.6\api-ms-win-crt-multibyte-l1-1-0.dll
Event: 0.444 Loaded shared library C:\Users\USER\.openjfx\cache\17.0.6\api-ms-win-crt-private-l1-1-0.dll
Event: 0.447 Loaded shared library C:\Users\USER\.openjfx\cache\17.0.6\api-ms-win-crt-process-l1-1-0.dll
Event: 0.450 Loaded shared library C:\Users\USER\.openjfx\cache\17.0.6\api-ms-win-crt-runtime-l1-1-0.dll
Event: 0.452 Loaded shared library C:\Users\USER\.openjfx\cache\17.0.6\api-ms-win-crt-stdio-l1-1-0.dll
Event: 0.455 Loaded shared library C:\Users\USER\.openjfx\cache\17.0.6\api-ms-win-crt-string-l1-1-0.dll
Event: 0.459 Loaded shared library C:\Users\USER\.openjfx\cache\17.0.6\api-ms-win-crt-time-l1-1-0.dll
Event: 0.461 Loaded shared library C:\Users\USER\.openjfx\cache\17.0.6\api-ms-win-crt-utility-l1-1-0.dll
Event: 0.475 Loaded shared library C:\Users\USER\.openjfx\cache\17.0.6\ucrtbase.dll
Event: 0.479 Loaded shared library C:\Users\USER\.openjfx\cache\17.0.6\vcruntime140.dll
Event: 0.482 Loaded shared library C:\Users\USER\.openjfx\cache\17.0.6\vcruntime140_1.dll
Event: 0.492 Loaded shared library C:\Users\USER\.openjfx\cache\17.0.6\msvcp140.dll
Event: 0.495 Loaded shared library C:\Users\USER\.openjfx\cache\17.0.6\msvcp140_1.dll
Event: 0.500 Loaded shared library C:\Users\USER\.openjfx\cache\17.0.6\msvcp140_2.dll
Event: 0.542 Loaded shared library C:\Users\USER\.openjfx\cache\17.0.6\prism_d3d.dll
Event: 0.614 Loaded shared library C:\Users\USER\.openjfx\cache\17.0.6\glass.dll
Event: 0.930 Loaded shared library C:\Users\USER\.openjfx\cache\17.0.6\javafx_font.dll

Deoptimization events (20 events):
Event: 1.338 Thread 0x000001e0f8b78c60 Uncommon trap: trap_request=0xffffffde fr.pc=0x000001e087b819c4 relative=0x00000000000001a4
Event: 1.338 Thread 0x000001e0f8b78c60 Uncommon trap: reason=class_check action=maybe_recompile pc=0x000001e087b819c4 method=com.sun.javafx.css.BitSet.containsAll(Ljava/util/Collection;)Z @ 18 c2
Event: 1.338 Thread 0x000001e0f8b78c60 DEOPT PACKING pc=0x000001e087b819c4 sp=0x000000927befd5c0
Event: 1.338 Thread 0x000001e0f8b78c60 DEOPT UNPACKING pc=0x000001e087584402 sp=0x000000927befd548 mode 2
Event: 1.338 Thread 0x000001e0f8b78c60 Uncommon trap: trap_request=0xffffffde fr.pc=0x000001e087b819c4 relative=0x00000000000001a4
Event: 1.338 Thread 0x000001e0f8b78c60 Uncommon trap: reason=class_check action=maybe_recompile pc=0x000001e087b819c4 method=com.sun.javafx.css.BitSet.containsAll(Ljava/util/Collection;)Z @ 18 c2
Event: 1.338 Thread 0x000001e0f8b78c60 DEOPT PACKING pc=0x000001e087b819c4 sp=0x000000927befd5c0
Event: 1.338 Thread 0x000001e0f8b78c60 DEOPT UNPACKING pc=0x000001e087584402 sp=0x000000927befd548 mode 2
Event: 1.340 Thread 0x000001e0f8b78c60 Uncommon trap: trap_request=0xffffffde fr.pc=0x000001e087ad582c relative=0x00000000000001ac
Event: 1.340 Thread 0x000001e0f8b78c60 Uncommon trap: reason=class_check action=maybe_recompile pc=0x000001e087ad582c method=java.lang.String.equals(Ljava/lang/Object;)Z @ 8 c2
Event: 1.340 Thread 0x000001e0f8b78c60 DEOPT PACKING pc=0x000001e087ad582c sp=0x000000927befd5a0
Event: 1.340 Thread 0x000001e0f8b78c60 DEOPT UNPACKING pc=0x000001e087584402 sp=0x000000927befd538 mode 2
Event: 1.419 Thread 0x000001e0f8b78c60 Uncommon trap: trap_request=0xffffff45 fr.pc=0x000001e087afb990 relative=0x00000000000000f0
Event: 1.419 Thread 0x000001e0f8b78c60 Uncommon trap: reason=unstable_if action=reinterpret pc=0x000001e087afb990 method=java.util.HashMap.hash(Ljava/lang/Object;)I @ 1 c2
Event: 1.419 Thread 0x000001e0f8b78c60 DEOPT PACKING pc=0x000001e087afb990 sp=0x000000927befcb40
Event: 1.419 Thread 0x000001e0f8b78c60 DEOPT UNPACKING pc=0x000001e087584402 sp=0x000000927befca80 mode 2
Event: 1.475 Thread 0x000001e0f8b78c60 Uncommon trap: trap_request=0xffffff45 fr.pc=0x000001e087b62008 relative=0x00000000000001e8
Event: 1.475 Thread 0x000001e0f8b78c60 Uncommon trap: reason=unstable_if action=reinterpret pc=0x000001e087b62008 method=java.io.ByteArrayInputStream.read()I @ 8 c2
Event: 1.475 Thread 0x000001e0f8b78c60 DEOPT PACKING pc=0x000001e087b62008 sp=0x000000927befbc20
Event: 1.475 Thread 0x000001e0f8b78c60 DEOPT UNPACKING pc=0x000001e087584402 sp=0x000000927befbbc8 mode 2

Classes loaded (20 events):
Event: 1.476 Loading class java/lang/foreign/MemorySegment$Scope done
Event: 1.476 Loading class jdk/internal/foreign/MemorySessionImpl done
Event: 1.477 Loading class jdk/internal/icu/text/UTF16
Event: 1.478 Loading class jdk/internal/icu/text/UTF16 done
Event: 1.478 Loading class jdk/internal/icu/text/BidiLine
Event: 1.478 Loading class jdk/internal/icu/text/BidiLine done
Event: 1.491 Loading class java/util/WeakHashMap$EntrySet
Event: 1.491 Loading class java/util/WeakHashMap$EntrySet done
Event: 1.491 Loading class java/util/WeakHashMap$EntryIterator
Event: 1.491 Loading class java/util/WeakHashMap$EntryIterator done
Event: 1.493 Loading class java/util/ConcurrentModificationException
Event: 1.493 Loading class java/util/ConcurrentModificationException done
Event: 1.520 Loading class java/lang/Throwable$WrappedPrintStream
Event: 1.520 Loading class java/lang/Throwable$PrintStreamOrWriter
Event: 1.520 Loading class java/lang/Throwable$PrintStreamOrWriter done
Event: 1.520 Loading class java/lang/Throwable$WrappedPrintStream done
Event: 1.522 Loading class java/util/concurrent/ConcurrentLinkedQueue
Event: 1.523 Loading class java/util/concurrent/ConcurrentLinkedQueue done
Event: 1.523 Loading class java/util/concurrent/ConcurrentLinkedQueue$Node
Event: 1.523 Loading class java/util/concurrent/ConcurrentLinkedQueue$Node done

Classes unloaded (0 events):
No events

Classes redefined (0 events):
No events

Internal exceptions (20 events):
Event: 1.039 Thread 0x000001e0f8b7a010 Exception <a 'java/lang/NoSuchMethodError'{0x000000074dddea20}: 'long java.lang.invoke.DirectMethodHandle$Holder.invokeVirtual(java.lang.Object, java.lang.Object)'> (0x000000074dddea20) 
thrown [s\open\src\hotspot\share\interpreter\linkResolver.cpp, line 796]
Event: 1.040 Thread 0x000001e0f8b7a010 Exception <a 'java/lang/NoSuchMethodError'{0x000000074da6c688}: 'long java.lang.invoke.DelegatingMethodHandle$Holder.reinvoke_L(java.lang.Object, java.lang.Object)'> (0x000000074da6c688) 
thrown [s\open\src\hotspot\share\interpreter\linkResolver.cpp, line 796]
Event: 1.045 Thread 0x000001e0f8b78c60 Exception <a 'java/lang/NoSuchMethodError'{0x000000074dadf148}: 'void java.lang.invoke.DirectMethodHandle$Holder.invokeSpecial(java.lang.Object, java.lang.Object, double)'> (0x000000074dadf148) 
thrown [s\open\src\hotspot\share\interpreter\linkResolver.cpp, line 796]
Event: 1.046 Thread 0x000001e0f8b78c60 Exception <a 'java/lang/NoSuchMethodError'{0x000000074dae61a0}: 'void java.lang.invoke.DelegatingMethodHandle$Holder.reinvoke_L(java.lang.Object, java.lang.Object, double)'> (0x000000074dae61a0) 
thrown [s\open\src\hotspot\share\interpreter\linkResolver.cpp, line 796]
Event: 1.083 Thread 0x000001e0f8b78c60 Exception <a 'java/lang/NoSuchMethodError'{0x000000074d860540}: 'void java.lang.invoke.Invokers$Holder.invokeExact_MT(java.lang.Object, java.lang.Object, java.lang.Object, java.lang.Object)'> (0x000000074d860540) 
thrown [s\open\src\hotspot\share\interpreter\linkResolver.cpp, line 796]
Event: 1.089 Thread 0x000001e0f8b78c60 Exception <a 'java/lang/NoSuchMethodError'{0x000000074d88c820}: 'void java.lang.invoke.DirectMethodHandle$Holder.invokeSpecial(java.lang.Object, java.lang.Object, int)'> (0x000000074d88c820) 
thrown [s\open\src\hotspot\share\interpreter\linkResolver.cpp, line 796]
Event: 1.089 Thread 0x000001e0f8b78c60 Exception <a 'java/lang/NoSuchMethodError'{0x000000074d893650}: 'void java.lang.invoke.DelegatingMethodHandle$Holder.reinvoke_L(java.lang.Object, java.lang.Object, int)'> (0x000000074d893650) 
thrown [s\open\src\hotspot\share\interpreter\linkResolver.cpp, line 796]
Event: 1.222 Thread 0x000001e0f8b78c60 Exception <a 'java/io/FileNotFoundException'{0x000000074d467950}> (0x000000074d467950) 
thrown [s\open\src\hotspot\share\prims\jni.cpp, line 520]
Event: 1.358 Thread 0x000001e0f8b78c60 Exception <a 'java/lang/IncompatibleClassChangeError'{0x000000074cc2ad90}: Found class java.lang.Object, but interface was expected> (0x000000074cc2ad90) 
thrown [s\open\src\hotspot\share\interpreter\linkResolver.cpp, line 863]
Event: 1.394 Thread 0x000001e0f8b78c60 Exception <a 'java/lang/ClassNotFoundException'{0x000000074c84db30}: com/sun/javafx/scene/control/skin/resources/controls> (0x000000074c84db30) 
thrown [s\open\src\hotspot\share\prims\jni.cpp, line 539]
Event: 1.394 Thread 0x000001e0f8b78c60 Exception <a 'java/lang/ClassNotFoundException'{0x000000074c85b8a0}: com/sun/javafx/scene/control/skin/resources/controls_en> (0x000000074c85b8a0) 
thrown [s\open\src\hotspot\share\prims\jni.cpp, line 539]
Event: 1.394 Thread 0x000001e0f8b78c60 Exception <a 'java/lang/ClassNotFoundException'{0x000000074c85c848}: com/sun/javafx/scene/control/skin/resources/controls_en_US> (0x000000074c85c848) 
thrown [s\open\src\hotspot\share\prims\jni.cpp, line 539]
Event: 1.419 Thread 0x000001e0f8b78c60 Implicit null exception at 0x000001e087afb8d6 to 0x000001e087afb986
Event: 1.422 Thread 0x000001e0f8b78c60 Exception <a 'java/lang/NoSuchMethodError'{0x000000074c63ee28}: 'void java.lang.invoke.DirectMethodHandle$Holder.invokeSpecial(java.lang.Object, java.lang.Object, java.lang.Object, java.lang.Object, java.lang.Object, java.lang.Object)'> (0x000000074c63ee28) 
thrown [s\open\src\hotspot\share\interpreter\linkResolver.cpp, line 796]
Event: 1.478 Thread 0x000001e0f8b78c60 Exception <a 'java/lang/NoSuchMethodError'{0x000000074c167720}: 'int java.lang.invoke.DirectMethodHandle$Holder.invokeSpecial(java.lang.Object, java.lang.Object, int)'> (0x000000074c167720) 
thrown [s\open\src\hotspot\share\interpreter\linkResolver.cpp, line 796]
Event: 1.489 Thread 0x000001e0f8b78c60 Exception <a 'java/lang/NoSuchMethodError'{0x000000074c1b0558}: 'java.lang.Object java.lang.invoke.DirectMethodHandle$Holder.newInvokeSpecial(java.lang.Object, java.lang.Object, int)'> (0x000000074c1b0558) 
thrown [s\open\src\hotspot\share\interpreter\linkResolver.cpp, line 796]
Event: 1.520 Thread 0x000001e0f8b79980 Exception <a 'java/lang/NullPointerException'{0x000000074befe778}> (0x000000074befe778) 
thrown [s\open\src\hotspot\share\interpreter\linkResolver.cpp, line 1389]
Event: 1.523 Thread 0x000001e0f8b78c60 Exception <a 'java/lang/NoSuchMethodError'{0x000000074bf377d8}: 'long java.lang.invoke.DirectMethodHandle$Holder.invokeStatic(java.lang.Object, java.lang.Object, java.lang.Object)'> (0x000000074bf377d8) 
thrown [s\open\src\hotspot\share\interpreter\linkResolver.cpp, line 796]
Event: 1.524 Thread 0x000001e0f8b78c60 Exception <a 'java/lang/NoSuchMethodError'{0x000000074bf3abf0}: 'long java.lang.invoke.DirectMethodHandle$Holder.invokeStaticInit(java.lang.Object, java.lang.Object, java.lang.Object)'> (0x000000074bf3abf0) 
thrown [s\open\src\hotspot\share\interpreter\linkResolver.cpp, line 796]
Event: 1.525 Thread 0x000001e0f8b78c60 Exception <a 'java/lang/NoSuchMethodError'{0x000000074bf4f900}: 'java.lang.Object java.lang.invoke.DirectMethodHandle$Holder.newInvokeSpecial(java.lang.Object, java.lang.Object, long)'> (0x000000074bf4f900) 
thrown [s\open\src\hotspot\share\interpreter\linkResolver.cpp, line 796]

VM Operations (20 events):
Event: 0.182 Executing VM operation: HandshakeAllThreads (Deoptimize)
Event: 0.183 Executing VM operation: HandshakeAllThreads (Deoptimize) done
Event: 0.310 Executing VM operation: HandshakeAllThreads (Deoptimize)
Event: 0.310 Executing VM operation: HandshakeAllThreads (Deoptimize) done
Event: 0.313 Executing VM operation: HandshakeAllThreads (Deoptimize)
Event: 0.313 Executing VM operation: HandshakeAllThreads (Deoptimize) done
Event: 0.357 Executing VM operation: HandshakeAllThreads (Deoptimize)
Event: 0.357 Executing VM operation: HandshakeAllThreads (Deoptimize) done
Event: 0.594 Executing VM operation: G1CollectForAllocation (G1 Evacuation Pause)
Event: 0.599 Executing VM operation: G1CollectForAllocation (G1 Evacuation Pause) done
Event: 0.604 Executing VM operation: HandshakeAllThreads (Deoptimize)
Event: 0.604 Executing VM operation: HandshakeAllThreads (Deoptimize) done
Event: 0.624 Executing VM operation: HandshakeAllThreads (Deoptimize)
Event: 0.624 Executing VM operation: HandshakeAllThreads (Deoptimize) done
Event: 0.712 Executing VM operation: HandshakeAllThreads (Deoptimize)
Event: 0.712 Executing VM operation: HandshakeAllThreads (Deoptimize) done
Event: 0.934 Executing VM operation: HandshakeAllThreads (Deoptimize)
Event: 0.934 Executing VM operation: HandshakeAllThreads (Deoptimize) done
Event: 0.943 Executing VM operation: G1CollectForAllocation (G1 Evacuation Pause)
Event: 0.949 Executing VM operation: G1CollectForAllocation (G1 Evacuation Pause) done

Memory protections (0 events):
No events

Nmethod flushes (0 events):
No events

Events (20 events):
Event: 0.044 Thread 0x000001e0e9a74d10 Thread added: 0x000001e0f8b68ab0
Event: 0.044 Thread 0x000001e0e9a74d10 Thread added: 0x000001e0f8b69510
Event: 0.045 Thread 0x000001e0e9a74d10 Thread added: 0x000001e0f8b71f80
Event: 0.045 Thread 0x000001e0e9a74d10 Thread added: 0x000001e0f8b7ad30
Event: 0.045 Thread 0x000001e0e9a74d10 Thread added: 0x000001e0f8b7e630
Event: 0.045 Thread 0x000001e0e9a74d10 Thread added: 0x000001e0f8b7f0e0
Event: 0.073 Thread 0x000001e0e9a74d10 Thread added: 0x000001e0f8b7a6a0
Event: 0.127 Thread 0x000001e0f8b7f0e0 Thread added: 0x000001e0d4169060
Event: 0.215 Thread 0x000001e0e9a74d10 Thread added: 0x000001e0f8b785d0
Event: 0.215 Thread 0x000001e0e9a74d10 Thread added: 0x000001e0f8b7b3c0
Event: 0.531 Thread 0x000001e0e9a74d10 Thread added: 0x000001e0f8b79980
Event: 0.617 Thread 0x000001e0e9a74d10 Thread added: 0x000001e0f8b77f40
Event: 0.625 Thread 0x000001e0e9a74d10 Thread added: 0x000001e0f8b78c60
Event: 0.666 Thread 0x000001e0f8b69510 Thread added: 0x000001e0f8b792f0
Event: 0.681 Thread 0x000001e0f8b792f0 Thread added: 0x000001e0f8b7a010
Event: 0.700 Thread 0x000001e0f8b7a010 Thread added: 0x000001e0d4f96c50
Event: 0.702 Thread 0x000001e0e9a74d10 Thread added: 0x000001e0d4f993b0
Event: 0.709 Thread 0x000001e0f8b7a010 Thread added: 0x000001e0d4f95210
Event: 0.710 Thread 0x000001e0d4f97970 Thread added: 0x000001e0d4f97970
Event: 1.351 Thread 0x000001e0f8b78c60 Thread added: 0x000001e0d4f98690


Dynamic libraries:
0x00007ff767670000 - 0x00007ff76767e000 	C:\Users\USER\.jdks\openjdk-23.0.1\bin\java.exe
0x00007ffc70710000 - 0x00007ffc70908000 	C:\Windows\SYSTEM32\ntdll.dll
0x00007ffc6e8d0000 - 0x00007ffc6e992000 	C:\Windows\System32\KERNEL32.DLL
0x00007ffc6e280000 - 0x00007ffc6e57e000 	C:\Windows\System32\KERNELBASE.dll
0x00007ffc6de10000 - 0x00007ffc6df10000 	C:\Windows\System32\ucrtbase.dll
0x00007ffc64f80000 - 0x00007ffc64f9b000 	C:\Users\USER\.jdks\openjdk-23.0.1\bin\VCRUNTIME140.dll
0x00007ffc64f60000 - 0x00007ffc64f77000 	C:\Users\USER\.jdks\openjdk-23.0.1\bin\jli.dll
0x00007ffc70530000 - 0x00007ffc706cd000 	C:\Windows\System32\USER32.dll
0x00007ffc6dde0000 - 0x00007ffc6de02000 	C:\Windows\System32\win32u.dll
0x00007ffc553b0000 - 0x00007ffc5564a000 	C:\Windows\WinSxS\amd64_microsoft.windows.common-controls_6595b64144ccf1df_6.0.19041.4355_none_60b8b9eb71f62e16\COMCTL32.dll
0x00007ffc6f2b0000 - 0x00007ffc6f2db000 	C:\Windows\System32\GDI32.dll
0x00007ffc6f480000 - 0x00007ffc6f51e000 	C:\Windows\System32\msvcrt.dll
0x00007ffc6df10000 - 0x00007ffc6e027000 	C:\Windows\System32\gdi32full.dll
0x00007ffc6e150000 - 0x00007ffc6e1ed000 	C:\Windows\System32\msvcp_win.dll
0x00007ffc70400000 - 0x00007ffc7042f000 	C:\Windows\System32\IMM32.DLL
0x00007ffc67f50000 - 0x00007ffc67f5c000 	C:\Users\USER\.jdks\openjdk-23.0.1\bin\vcruntime140_1.dll
0x00007ffc628d0000 - 0x00007ffc6295e000 	C:\Users\USER\.jdks\openjdk-23.0.1\bin\msvcp140.dll
0x00007ffc1fa10000 - 0x00007ffc2075f000 	C:\Users\USER\.jdks\openjdk-23.0.1\bin\server\jvm.dll
0x00007ffc6e730000 - 0x00007ffc6e7e1000 	C:\Windows\System32\ADVAPI32.dll
0x00007ffc6f720000 - 0x00007ffc6f7bf000 	C:\Windows\System32\sechost.dll
0x00007ffc702d0000 - 0x00007ffc703f3000 	C:\Windows\System32\RPCRT4.dll
0x00007ffc6ddb0000 - 0x00007ffc6ddd7000 	C:\Windows\System32\bcrypt.dll
0x00007ffc6f580000 - 0x00007ffc6f5eb000 	C:\Windows\System32\WS2_32.dll
0x00007ffc6d340000 - 0x00007ffc6d38b000 	C:\Windows\SYSTEM32\POWRPROF.dll
0x00007ffc640c0000 - 0x00007ffc640ca000 	C:\Windows\SYSTEM32\VERSION.dll
0x00007ffc4f100000 - 0x00007ffc4f127000 	C:\Windows\SYSTEM32\WINMM.dll
0x00007ffc6d1b0000 - 0x00007ffc6d1c2000 	C:\Windows\SYSTEM32\UMPDC.dll
0x00007ffc6c5d0000 - 0x00007ffc6c5e2000 	C:\Windows\SYSTEM32\kernel.appcore.dll
0x00007ffc64cf0000 - 0x00007ffc64cfa000 	C:\Users\USER\.jdks\openjdk-23.0.1\bin\jimage.dll
0x00007ffc68ae0000 - 0x00007ffc68cc4000 	C:\Windows\SYSTEM32\DBGHELP.DLL
0x00007ffc4cae0000 - 0x00007ffc4cb14000 	C:\Windows\SYSTEM32\dbgcore.DLL
0x00007ffc6e1f0000 - 0x00007ffc6e272000 	C:\Windows\System32\bcryptPrimitives.dll
0x00007ffc64690000 - 0x00007ffc6469f000 	C:\Users\USER\.jdks\openjdk-23.0.1\bin\instrument.dll
0x00007ffc647d0000 - 0x00007ffc647ee000 	C:\Users\USER\.jdks\openjdk-23.0.1\bin\java.dll
0x00007ffc6f5f0000 - 0x00007ffc6f71b000 	C:\Windows\System32\ole32.dll
0x00007ffc6eae0000 - 0x00007ffc6ee33000 	C:\Windows\System32\combase.dll
0x00007ffc6f9b0000 - 0x00007ffc7011d000 	C:\Windows\System32\SHELL32.dll
0x00007ffc6be10000 - 0x00007ffc6c5b4000 	C:\Windows\SYSTEM32\windows.storage.dll
0x00007ffc6d7e0000 - 0x00007ffc6d80e000 	C:\Windows\SYSTEM32\Wldp.dll
0x00007ffc6f340000 - 0x00007ffc6f40d000 	C:\Windows\System32\OLEAUT32.dll
0x00007ffc6e9b0000 - 0x00007ffc6ea5d000 	C:\Windows\System32\SHCORE.dll
0x00007ffc6f520000 - 0x00007ffc6f575000 	C:\Windows\System32\shlwapi.dll
0x00007ffc6dce0000 - 0x00007ffc6dd04000 	C:\Windows\SYSTEM32\profapi.dll
0x00007ffc5ccd0000 - 0x00007ffc5cda7000 	C:\Users\USER\.jdks\openjdk-23.0.1\bin\jsvml.dll
0x00007ffc64560000 - 0x00007ffc64570000 	C:\Users\USER\.jdks\openjdk-23.0.1\bin\net.dll
0x00007ffc6d540000 - 0x00007ffc6d5aa000 	C:\Windows\system32\mswsock.dll
0x00007ffc644a0000 - 0x00007ffc644b6000 	C:\Users\USER\.jdks\openjdk-23.0.1\bin\nio.dll
0x00007ffc64480000 - 0x00007ffc64497000 	C:\Users\USER\.jdks\openjdk-23.0.1\bin\zip.dll
0x00007ffc5d890000 - 0x00007ffc5d8aa000 	C:\Users\USER\AppData\Local\Programs\IntelliJ IDEA Ultimate 2024.3\bin\breakgen64.dll
0x000001e0d5bf0000 - 0x000001e0d5bf3000 	C:\Users\USER\.openjfx\cache\17.0.6\api-ms-win-core-console-l1-1-0.dll
0x000001e0d5c00000 - 0x000001e0d5c03000 	C:\Users\USER\.openjfx\cache\17.0.6\api-ms-win-core-console-l1-2-0.dll
0x000001e0d5c10000 - 0x000001e0d5c13000 	C:\Users\USER\.openjfx\cache\17.0.6\api-ms-win-core-datetime-l1-1-0.dll
0x000001e0d5c20000 - 0x000001e0d5c23000 	C:\Users\USER\.openjfx\cache\17.0.6\api-ms-win-core-debug-l1-1-0.dll
0x00007ffc6d220000 - 0x00007ffc6d2ea000 	C:\Windows\SYSTEM32\DNSAPI.dll
0x00007ffc6d1d0000 - 0x00007ffc6d20b000 	C:\Windows\SYSTEM32\IPHLPAPI.DLL
0x00007ffc70490000 - 0x00007ffc70498000 	C:\Windows\System32\NSI.dll
0x000001e0d5c30000 - 0x000001e0d5c33000 	C:\Users\USER\.openjfx\cache\17.0.6\api-ms-win-core-errorhandling-l1-1-0.dll
0x00007ffc62280000 - 0x00007ffc6228a000 	C:\Windows\System32\rasadhlp.dll
0x00007ffc58090000 - 0x00007ffc58110000 	C:\Windows\System32\fwpuclnt.dll
0x000001e0d5f80000 - 0x000001e0d5f84000 	C:\Users\USER\.openjfx\cache\17.0.6\api-ms-win-core-file-l1-1-0.dll
0x000001e0d5f90000 - 0x000001e0d5f93000 	C:\Users\USER\.openjfx\cache\17.0.6\api-ms-win-core-file-l1-2-0.dll
0x00007ffc62f60000 - 0x00007ffc62f6a000 	C:\Users\USER\.jdks\openjdk-23.0.1\bin\management.dll
0x000001e0d5fa0000 - 0x000001e0d5fa3000 	C:\Users\USER\.openjfx\cache\17.0.6\api-ms-win-core-file-l2-1-0.dll
0x000001e0d5fb0000 - 0x000001e0d5fb3000 	C:\Users\USER\.openjfx\cache\17.0.6\api-ms-win-core-handle-l1-1-0.dll
0x000001e0d5fc0000 - 0x000001e0d5fc3000 	C:\Users\USER\.openjfx\cache\17.0.6\api-ms-win-core-heap-l1-1-0.dll
0x000001e0d5fd0000 - 0x000001e0d5fd3000 	C:\Users\USER\.openjfx\cache\17.0.6\api-ms-win-core-interlocked-l1-1-0.dll
0x000001e0d5fe0000 - 0x000001e0d5fe3000 	C:\Users\USER\.openjfx\cache\17.0.6\api-ms-win-core-libraryloader-l1-1-0.dll
0x00007ffc62e50000 - 0x00007ffc62e5b000 	C:\Users\USER\.jdks\openjdk-23.0.1\bin\management_ext.dll
0x00007ffc6e9a0000 - 0x00007ffc6e9a8000 	C:\Windows\System32\PSAPI.DLL
0x000001e0d5ff0000 - 0x000001e0d5ff3000 	C:\Users\USER\.openjfx\cache\17.0.6\api-ms-win-core-localization-l1-2-0.dll
0x000001e0d6000000 - 0x000001e0d6003000 	C:\Users\USER\.openjfx\cache\17.0.6\api-ms-win-core-memory-l1-1-0.dll
0x000001e0d6010000 - 0x000001e0d6013000 	C:\Users\USER\.openjfx\cache\17.0.6\api-ms-win-core-namedpipe-l1-1-0.dll
0x000001e0d6020000 - 0x000001e0d6023000 	C:\Users\USER\.openjfx\cache\17.0.6\api-ms-win-core-processenvironment-l1-1-0.dll
0x000001e0d6030000 - 0x000001e0d6033000 	C:\Users\USER\.openjfx\cache\17.0.6\api-ms-win-core-processthreads-l1-1-0.dll
0x000001e0d6040000 - 0x000001e0d6043000 	C:\Users\USER\.openjfx\cache\17.0.6\api-ms-win-core-processthreads-l1-1-1.dll
0x000001e0d6050000 - 0x000001e0d6053000 	C:\Users\USER\.openjfx\cache\17.0.6\api-ms-win-core-profile-l1-1-0.dll
0x000001e0d6060000 - 0x000001e0d6063000 	C:\Users\USER\.openjfx\cache\17.0.6\api-ms-win-core-rtlsupport-l1-1-0.dll
0x000001e0d6070000 - 0x000001e0d6073000 	C:\Users\USER\.openjfx\cache\17.0.6\api-ms-win-core-string-l1-1-0.dll
0x000001e0d6080000 - 0x000001e0d6083000 	C:\Users\USER\.openjfx\cache\17.0.6\api-ms-win-core-synch-l1-1-0.dll
0x000001e0d6090000 - 0x000001e0d6093000 	C:\Users\USER\.openjfx\cache\17.0.6\api-ms-win-core-synch-l1-2-0.dll
0x000001e0d60a0000 - 0x000001e0d60a3000 	C:\Users\USER\.openjfx\cache\17.0.6\api-ms-win-core-sysinfo-l1-1-0.dll
0x000001e0d60b0000 - 0x000001e0d60b3000 	C:\Users\USER\.openjfx\cache\17.0.6\api-ms-win-core-timezone-l1-1-0.dll
0x000001e0d60c0000 - 0x000001e0d60c3000 	C:\Users\USER\.openjfx\cache\17.0.6\api-ms-win-core-util-l1-1-0.dll
0x000001e0d60d0000 - 0x000001e0d60d3000 	C:\Users\USER\.openjfx\cache\17.0.6\api-ms-win-crt-conio-l1-1-0.dll
0x000001e0d60e0000 - 0x000001e0d60e4000 	C:\Users\USER\.openjfx\cache\17.0.6\api-ms-win-crt-convert-l1-1-0.dll
0x000001e0d60f0000 - 0x000001e0d60f3000 	C:\Users\USER\.openjfx\cache\17.0.6\api-ms-win-crt-environment-l1-1-0.dll
0x000001e0d6100000 - 0x000001e0d6103000 	C:\Users\USER\.openjfx\cache\17.0.6\api-ms-win-crt-filesystem-l1-1-0.dll
0x000001e0d6110000 - 0x000001e0d6113000 	C:\Users\USER\.openjfx\cache\17.0.6\api-ms-win-crt-heap-l1-1-0.dll
0x000001e0d6120000 - 0x000001e0d6123000 	C:\Users\USER\.openjfx\cache\17.0.6\api-ms-win-crt-locale-l1-1-0.dll
0x000001e0d6130000 - 0x000001e0d6135000 	C:\Users\USER\.openjfx\cache\17.0.6\api-ms-win-crt-math-l1-1-0.dll
0x000001e0d6140000 - 0x000001e0d6145000 	C:\Users\USER\.openjfx\cache\17.0.6\api-ms-win-crt-multibyte-l1-1-0.dll
0x000001e0d6150000 - 0x000001e0d6160000 	C:\Users\USER\.openjfx\cache\17.0.6\api-ms-win-crt-private-l1-1-0.dll
0x000001e0d6160000 - 0x000001e0d6163000 	C:\Users\USER\.openjfx\cache\17.0.6\api-ms-win-crt-process-l1-1-0.dll
0x000001e0d6170000 - 0x000001e0d6174000 	C:\Users\USER\.openjfx\cache\17.0.6\api-ms-win-crt-runtime-l1-1-0.dll
0x000001e0d6180000 - 0x000001e0d6184000 	C:\Users\USER\.openjfx\cache\17.0.6\api-ms-win-crt-stdio-l1-1-0.dll
0x000001e0d6190000 - 0x000001e0d6194000 	C:\Users\USER\.openjfx\cache\17.0.6\api-ms-win-crt-string-l1-1-0.dll
0x000001e0d61a0000 - 0x000001e0d61a3000 	C:\Users\USER\.openjfx\cache\17.0.6\api-ms-win-crt-time-l1-1-0.dll
0x000001e0d61b0000 - 0x000001e0d61b3000 	C:\Users\USER\.openjfx\cache\17.0.6\api-ms-win-crt-utility-l1-1-0.dll
0x00007ffc2e390000 - 0x00007ffc2e48c000 	C:\Users\USER\.openjfx\cache\17.0.6\ucrtbase.dll
0x00007ffc417a0000 - 0x00007ffc417ba000 	C:\Users\USER\.openjfx\cache\17.0.6\vcruntime140.dll
0x00007ffc55ea0000 - 0x00007ffc55eac000 	C:\Users\USER\.openjfx\cache\17.0.6\vcruntime140_1.dll
0x00007ffc2ddf0000 - 0x00007ffc2de7d000 	C:\Users\USER\.openjfx\cache\17.0.6\msvcp140.dll
0x00007ffc55cd0000 - 0x00007ffc55cd9000 	C:\Users\USER\.openjfx\cache\17.0.6\msvcp140_1.dll
0x00007ffc36d50000 - 0x00007ffc36d7f000 	C:\Users\USER\.openjfx\cache\17.0.6\msvcp140_2.dll
0x00007ffc30f10000 - 0x00007ffc30f3a000 	C:\Users\USER\.openjfx\cache\17.0.6\prism_d3d.dll
0x00007ffc5fd90000 - 0x00007ffc5ff61000 	C:\Windows\system32\d3d9.dll
0x00007ffc68730000 - 0x00007ffc6875f000 	C:\Windows\SYSTEM32\dwmapi.dll
0x00007ffc68350000 - 0x00007ffc683ee000 	C:\Windows\system32\uxtheme.dll
0x00007ffc1e2b0000 - 0x00007ffc1e413000 	C:\Windows\System32\DriverStore\FileRepository\iigd_dch.inf_amd64_e9b40d45ab4dc6b8\igdumdim64.dll
0x00007ffc06f50000 - 0x00007ffc0a954000 	C:\Windows\System32\DriverStore\FileRepository\iigd_dch.inf_amd64_e9b40d45ab4dc6b8\igd9dxva64.dll
0x00007ffc6ee40000 - 0x00007ffc6f2ae000 	C:\Windows\System32\SETUPAPI.dll
0x00007ffc6e580000 - 0x00007ffc6e5ce000 	C:\Windows\System32\cfgmgr32.dll
0x00007ffc5c4f0000 - 0x00007ffc5c72f000 	C:\Windows\System32\DriverStore\FileRepository\iigd_dch.inf_amd64_e9b40d45ab4dc6b8\igdgmm64.dll
0x00007ffc2d8b0000 - 0x00007ffc2d8f2000 	C:\Users\USER\.openjfx\cache\17.0.6\glass.dll
0x00007ffc6e7f0000 - 0x00007ffc6e8ca000 	C:\Windows\System32\COMDLG32.dll
0x00007ffc6d740000 - 0x00007ffc6d758000 	C:\Windows\SYSTEM32\CRYPTSP.dll
0x00007ffc6cdf0000 - 0x00007ffc6ce24000 	C:\Windows\system32\rsaenh.dll
0x00007ffc6dc60000 - 0x00007ffc6dc8e000 	C:\Windows\SYSTEM32\USERENV.dll
0x00007ffc6d730000 - 0x00007ffc6d73c000 	C:\Windows\SYSTEM32\CRYPTBASE.dll
0x00007ffc6f890000 - 0x00007ffc6f9a5000 	C:\Windows\System32\MSCTF.dll
0x00007ffc54bc0000 - 0x00007ffc54bd7000 	C:\Windows\system32\napinsp.dll
0x00007ffc54ba0000 - 0x00007ffc54bbb000 	C:\Windows\system32\pnrpnsp.dll
0x00007ffc678d0000 - 0x00007ffc678e5000 	C:\Windows\system32\wshbth.dll
0x00007ffc660e0000 - 0x00007ffc660fd000 	C:\Windows\system32\NLAapi.dll
0x00007ffc4c2f0000 - 0x00007ffc4c302000 	C:\Windows\System32\winrnr.dll
0x00007ffc55e40000 - 0x00007ffc55e67000 	C:\Windows\System32\DriverStore\FileRepository\iigd_dch.inf_amd64_e9b40d45ab4dc6b8\igdinfo64.dll
0x00007ffc59880000 - 0x00007ffc5c4e2000 	C:\Windows\System32\DriverStore\FileRepository\iigd_dch.inf_amd64_e9b40d45ab4dc6b8\igc64.dll
0x00007ffc609b0000 - 0x00007ffc609eb000 	C:\Windows\SYSTEM32\dxcore.dll

dbghelp: loaded successfully - version: 4.0.5 - missing functions: none
symbol engine: initialized successfully - sym options: 0x614 - pdb path: .;C:\Users\USER\.jdks\openjdk-23.0.1\bin;C:\Windows\SYSTEM32;C:\Windows\WinSxS\amd64_microsoft.windows.common-controls_6595b64144ccf1df_6.0.19041.4355_none_60b8b9eb71f62e16;C:\Users\USER\.jdks\openjdk-23.0.1\bin\server;C:\Users\USER\AppData\Local\Programs\IntelliJ IDEA Ultimate 2024.3\bin;C:\Users\USER\.openjfx\cache\17.0.6;C:\Windows\System32\DriverStore\FileRepository\iigd_dch.inf_amd64_e9b40d45ab4dc6b8;C:\Windows\System32\DriverStore\FileRepository\nvam.inf_amd64_73ddbc5a9852db46;C:\Program Files\Common Files\Microsoft Shared\Ink

VM Arguments:
jvm_args: -javaagent:C:\Users\USER\AppData\Local\Programs\IntelliJ IDEA Ultimate 2024.3\lib\idea_rt.jar=61514:C:\Users\USER\AppData\Local\Programs\IntelliJ IDEA Ultimate 2024.3\bin -Dfile.encoding=UTF-8 -Dsun.stdout.encoding=UTF-8 -Dsun.stderr.encoding=UTF-8 --module-path=C:\Users\USER\.m2\repository\org\openjfx\javafx-base\17.0.6\javafx-base-17.0.6-win.jar;C:\Users\USER\.m2\repository\org\openjfx\javafx-fxml\17.0.6\javafx-fxml-17.0.6-win.jar;C:\Users\USER\.m2\repository\org\mindrot\jbcrypt\0.4\jbcrypt-0.4.jar;C:\Users\USER\.m2\repository\org\openjfx\javafx-graphics\17.0.6\javafx-graphics-17.0.6-win.jar;C:\Users\USER\.m2\repository\org\openjfx\javafx-controls\17.0.6\javafx-controls-17.0.6-win.jar;C:\Users\USER\Desktop\java project idea\app1 DLO Login page\target\classes;C:\Users\USER\.m2\repository\org\kordamp\bootstrapfx\bootstrapfx-core\0.4.0\bootstrapfx-core-0.4.0.jar -Djdk.module.main=com.example.app1 
java_command: com.example.app1/com.example.app1.HelloApplication
java_class_path (initial): C:\Users\USER\.m2\repository\org\openjfx\javafx-controls\17.0.6\javafx-controls-17.0.6.jar;C:\Users\USER\.m2\repository\org\openjfx\javafx-graphics\17.0.6\javafx-graphics-17.0.6.jar;C:\Users\USER\.m2\repository\org\openjfx\javafx-base\17.0.6\javafx-base-17.0.6.jar;C:\Users\USER\.m2\repository\org\openjfx\javafx-fxml\17.0.6\javafx-fxml-17.0.6.jar;C:\Users\USER\Downloads\mysql-connector-java-8.0.11\mysql-connector-java-8.0.11.jar
Launcher Type: SUN_STANDARD

[Global flags]
     intx CICompilerCount                          = 4                                         {product} {ergonomic}
     uint ConcGCThreads                            = 2                                         {product} {ergonomic}
     uint G1ConcRefinementThreads                  = 8                                         {product} {ergonomic}
   size_t G1HeapRegionSize                         = 2097152                                   {product} {ergonomic}
   size_t InitialHeapSize                          = 199229440                                 {product} {ergonomic}
   size_t MarkStackSize                            = 4194304                                   {product} {ergonomic}
   size_t MarkStackSizeMax                         = 536870912                                 {product} {ergonomic}
   size_t MaxHeapSize                              = 3183476736                                {product} {ergonomic}
   size_t MaxNewSize                               = 1908408320                                {product} {ergonomic}
   size_t MinHeapDeltaBytes                        = 2097152                                   {product} {ergonomic}
   size_t MinHeapSize                              = 8388608                                   {product} {ergonomic}
    uintx NonNMethodCodeHeapSize                   = 5832704                                {pd product} {ergonomic}
    uintx NonProfiledCodeHeapSize                  = 122945536                              {pd product} {ergonomic}
    uintx ProfiledCodeHeapSize                     = 122880000                              {pd product} {ergonomic}
    uintx ReservedCodeCacheSize                    = 251658240                              {pd product} {ergonomic}
     bool SegmentedCodeCache                       = true                                      {product} {ergonomic}
   size_t SoftMaxHeapSize                          = 3183476736                             {manageable} {ergonomic}
     bool UseCompressedOops                        = true                           {product lp64_product} {ergonomic}
     bool UseG1GC                                  = true                                      {product} {ergonomic}
     bool UseLargePagesIndividualAllocation        = false                                  {pd product} {ergonomic}

Logging:
Log output configuration:
 #0: stdout all=warning uptime,level,tags foldmultilines=false
 #1: stderr all=off uptime,level,tags foldmultilines=false

Environment Variables:
PATH=C:\Program Files\Common Files\Oracle\Java\javapath;C:\Program Files (x86)\NVIDIA Corporation\PhysX\Common;C:\Windows\system32;C:\Windows;C:\Windows\System32\Wbem;C:\Windows\System32\WindowsPowerShell\v1.0\;C:\Windows\System32\OpenSSH\;C:\Program Files\Intel\WiFi\bin\;C:\Program Files\Common Files\Intel\WirelessCommon\;C:\Program Files\Git\mingw64\bin;C:\Program Files\Git\bin;C:\Program Files\Git\cmd;C:\Program Files\MySQL\MySQL Shell 8.0\bin\;C:\Users\USER\AppData\Local\Microsoft\WindowsApps;C:\Users\USER\AppData\Local\Programs\Microsoft VS Code\bin;C:\MinGW\bin;C:\Program Files\Java\jdk-22\bin;C:\Program Files\JetBrains\IntelliJ IDEA Community Edition 2024.2.3\bin;;C:\Program Files\Git\cmd;C:\Program Files\Git\bin;
USERNAME=USER
OS=Windows_NT
PROCESSOR_IDENTIFIER=Intel64 Family 6 Model 142 Stepping 12, GenuineIntel
TMP=C:\Users\USER\AppData\Local\Temp
TEMP=C:\Users\USER\AppData\Local\Temp




Periodic native trim disabled

---------------  S Y S T E M  ---------------

OS:
 Windows 10 , 64 bit Build 19041 (10.0.19041.5072)
OS uptime: 8 days 1:20 hours

CPU: total 8 (initial active 8) (4 cores per cpu, 2 threads per core) family 6 model 142 stepping 12 microcode 0xde, cx8, cmov, fxsr, ht, mmx, 3dnowpref, sse, sse2, sse3, ssse3, sse4.1, sse4.2, popcnt, lzcnt, tsc, tscinvbit, avx, avx2, aes, erms, clmul, bmi1, bmi2, adx, fma, vzeroupper, clflush, clflushopt, rdtscp, f16c
Processor Information for the first 8 processors :
  Max Mhz: 1800, Current Mhz: 1600, Mhz Limit: 1584

Memory: 4k page, system-wide physical 12139M (354M free)
TotalPageFile size 18283M (AvailPageFile size 5M)
current process WorkingSet (physical memory assigned to process): 177M, peak: 179M
current process commit charge ("private bytes"): 365M, peak: 368M

vm_info: OpenJDK 64-Bit Server VM (23.0.1+11-39) for windows-amd64 JRE (23.0.1+11-39), built on 2024-09-30T07:20:43Z with MS VC++ 17.6 (VS2022)

END.
